#-----------------------------------------------------------
# Vivado v2019.1 (64-bit)
# SW Build 2552052 on Fri May 24 14:49:42 MDT 2019
# IP Build 2548770 on Fri May 24 18:01:18 MDT 2019
# Start of session at: Sat Nov 16 11:53:11 2019
# Process ID: 10596
# Current directory: C:/Users/asgei/Desktop/RSA/RSA
# Command line: vivado.exe -gui_launcher_event rodinguilauncherevent8628 C:\Users\asgei\Desktop\RSA\RSA\RSA.xpr
# Log file: C:/Users/asgei/Desktop/RSA/RSA/vivado.log
# Journal file: C:/Users/asgei/Desktop/RSA/RSA\vivado.jou
#-----------------------------------------------------------
start_gui
open_project C:/Users/asgei/Desktop/RSA/RSA/RSA.xpr
Scanning sources...
Finished scanning sources
INFO: [IP_Flow 19-234] Refreshing IP repositories
INFO: [IP_Flow 19-1704] No user IP repositories specified
INFO: [IP_Flow 19-2313] Loaded Vivado IP repository 'C:/Xilinx/Vivado/2019.1/data/ip'.
open_project: Time (s): cpu = 00:00:22 ; elapsed = 00:00:12 . Memory (MB): peak = 677.117 ; gain = 57.688
update_compile_order -fileset sources_1
launch_simulation
INFO: [Vivado 12-5682] Launching behavioral simulation in 'C:/Users/asgei/Desktop/RSA/RSA/RSA.sim/sim_1/behav/xsim'
INFO: [SIM-utils-51] Simulation object is 'sim_1'
INFO: [SIM-utils-54] Inspecting design source files for 'Core_tb' in fileset 'sim_1'...
INFO: [USF-XSim-97] Finding global include files...
INFO: [USF-XSim-98] Fetching design files from 'sim_1'...
INFO: [USF-XSim-2] XSim::Compile design
INFO: [USF-XSim-61] Executing 'COMPILE and ANALYZE' step in 'C:/Users/asgei/Desktop/RSA/RSA/RSA.sim/sim_1/behav/xsim'
"xvhdl --incr --relax -prj Core_tb_vhdl.prj"
INFO: [USF-XSim-69] 'compile' step finished in '2' seconds
INFO: [USF-XSim-3] XSim::Elaborate design
INFO: [USF-XSim-61] Executing 'ELABORATE' step in 'C:/Users/asgei/Desktop/RSA/RSA/RSA.sim/sim_1/behav/xsim'
"xelab -wto b21dbe30756047ff945bb1036337d7a8 --incr --debug typical --relax --mt 2 -L xil_defaultlib -L secureip --snapshot Core_tb_behav xil_defaultlib.Core_tb -log elaborate.log"
Vivado Simulator 2019.1
Copyright 1986-1999, 2001-2019 Xilinx, Inc. All Rights Reserved.
Running: C:/Xilinx/Vivado/2019.1/bin/unwrapped/win64.o/xelab.exe -wto b21dbe30756047ff945bb1036337d7a8 --incr --debug typical --relax --mt 2 -L xil_defaultlib -L secureip --snapshot Core_tb_behav xil_defaultlib.Core_tb -log elaborate.log 
Using 2 slave threads.
Starting static elaboration
Completed static elaboration
INFO: [XSIM 43-4323] No Change in HDL. Linking previously generated obj files to create kernel
INFO: [USF-XSim-69] 'elaborate' step finished in '2' seconds
INFO: [USF-XSim-4] XSim::Simulate design
INFO: [USF-XSim-61] Executing 'SIMULATE' step in 'C:/Users/asgei/Desktop/RSA/RSA/RSA.sim/sim_1/behav/xsim'
INFO: [USF-XSim-98] *** Running xsim
   with args "Core_tb_behav -key {Behavioral:sim_1:Functional:Core_tb} -tclbatch {Core_tb.tcl} -log {simulate.log}"
INFO: [USF-XSim-8] Loading simulator feature
Vivado Simulator 2019.1
Time resolution is 1 ps
source Core_tb.tcl
# set curr_wave [current_wave_config]
# if { [string length $curr_wave] == 0 } {
#   if { [llength [get_objects]] > 0} {
#     add_wave /
#     set_property needs_save false [current_wave_config]
#   } else {
#      send_msg_id Add_Wave-1 WARNING "No top level signals found. Simulator will start without a wave window. If you want to open a wave window go to 'File->New Waveform Configuration' or type 'create_wave_config' in the TCL console."
#   }
# }
# run 1ms
run: Time (s): cpu = 00:00:13 ; elapsed = 00:00:11 . Memory (MB): peak = 756.859 ; gain = 35.531
xsim: Time (s): cpu = 00:00:21 ; elapsed = 00:00:15 . Memory (MB): peak = 756.859 ; gain = 54.211
INFO: [USF-XSim-96] XSim completed. Design snapshot 'Core_tb_behav' loaded.
INFO: [USF-XSim-97] XSim simulation ran for 1ms
launch_simulation: Time (s): cpu = 00:00:24 ; elapsed = 00:00:19 . Memory (MB): peak = 756.859 ; gain = 55.914
run 6 ms
run: Time (s): cpu = 00:00:05 ; elapsed = 00:00:07 . Memory (MB): peak = 776.715 ; gain = 0.000
relaunch_sim
suspend_sim: Time (s): cpu = 00:00:01 ; elapsed = 00:00:06 . Memory (MB): peak = 844.953 ; gain = 0.000
INFO: [Vivado 12-5682] Launching behavioral simulation in 'C:/Users/asgei/Desktop/RSA/RSA/RSA.sim/sim_1/behav/xsim'
INFO: [SIM-utils-51] Simulation object is 'sim_1'
INFO: [SIM-utils-54] Inspecting design source files for 'Core_tb' in fileset 'sim_1'...
INFO: [USF-XSim-97] Finding global include files...
INFO: [USF-XSim-98] Fetching design files from 'sim_1'...
INFO: [USF-XSim-2] XSim::Compile design
INFO: [USF-XSim-61] Executing 'COMPILE and ANALYZE' step in 'C:/Users/asgei/Desktop/RSA/RSA/RSA.sim/sim_1/behav/xsim'
"xvhdl --incr --relax -prj Core_tb_vhdl.prj"
INFO: [VRFC 10-163] Analyzing VHDL file "C:/Users/asgei/Desktop/RSA/RSA/RSA.srcs/sim_1/new/core_tb.vhd" into library xil_defaultlib
INFO: [VRFC 10-3107] analyzing entity 'Core_tb'
INFO: [USF-XSim-69] 'compile' step finished in '1' seconds
INFO: [Vivado 12-5682] Launching behavioral simulation in 'C:/Users/asgei/Desktop/RSA/RSA/RSA.sim/sim_1/behav/xsim'
INFO: [USF-XSim-3] XSim::Elaborate design
INFO: [USF-XSim-61] Executing 'ELABORATE' step in 'C:/Users/asgei/Desktop/RSA/RSA/RSA.sim/sim_1/behav/xsim'
"xelab -wto b21dbe30756047ff945bb1036337d7a8 --incr --debug typical --relax --mt 2 -L xil_defaultlib -L secureip --snapshot Core_tb_behav xil_defaultlib.Core_tb -log elaborate.log"
Vivado Simulator 2019.1
Copyright 1986-1999, 2001-2019 Xilinx, Inc. All Rights Reserved.
Running: C:/Xilinx/Vivado/2019.1/bin/unwrapped/win64.o/xelab.exe -wto b21dbe30756047ff945bb1036337d7a8 --incr --debug typical --relax --mt 2 -L xil_defaultlib -L secureip --snapshot Core_tb_behav xil_defaultlib.Core_tb -log elaborate.log 
Using 2 slave threads.
Starting static elaboration
Completed static elaboration
Starting simulation data flow analysis
Completed simulation data flow analysis
Time Resolution for simulation is 1ps
Compiling package std.standard
Compiling package std.textio
Compiling package ieee.std_logic_1164
Compiling package ieee.numeric_std
Compiling package ieee.std_logic_arith
Compiling package ieee.std_logic_unsigned
Compiling architecture behavioral of entity xil_defaultlib.ALU [alu_default]
Compiling architecture behavioral of entity xil_defaultlib.Control [control_default]
Compiling architecture behavoir of entity xil_defaultlib.Core [core_default]
Compiling architecture bench of entity xil_defaultlib.core_tb
Built simulation snapshot Core_tb_behav

****** Webtalk v2019.1 (64-bit)
  **** SW Build 2552052 on Fri May 24 14:49:42 MDT 2019
  **** IP Build 2548770 on Fri May 24 18:01:18 MDT 2019
    ** Copyright 1986-2019 Xilinx, Inc. All Rights Reserved.

source C:/Users/asgei/Desktop/RSA/RSA/RSA.sim/sim_1/behav/xsim/xsim.dir/Core_tb_behav/webtalk/xsim_webtalk.tcl -notrace
INFO: [Common 17-186] 'C:/Users/asgei/Desktop/RSA/RSA/RSA.sim/sim_1/behav/xsim/xsim.dir/Core_tb_behav/webtalk/usage_statistics_ext_xsim.xml' has been successfully sent to Xilinx on Sat Nov 16 11:59:14 2019. For additional details about this file, please refer to the WebTalk help file at C:/Xilinx/Vivado/2019.1/doc/webtalk_introduction.html.
INFO: [Common 17-206] Exiting Webtalk at Sat Nov 16 11:59:14 2019...
run_program: Time (s): cpu = 00:00:00 ; elapsed = 00:00:09 . Memory (MB): peak = 844.953 ; gain = 0.000
INFO: [USF-XSim-69] 'elaborate' step finished in '9' seconds
launch_simulation: Time (s): cpu = 00:00:00 ; elapsed = 00:00:09 . Memory (MB): peak = 844.953 ; gain = 0.000
Vivado Simulator 2019.1
Time resolution is 1 ps
run: Time (s): cpu = 00:00:10 ; elapsed = 00:00:11 . Memory (MB): peak = 844.953 ; gain = 0.000
relaunch_xsim_kernel: Time (s): cpu = 00:00:11 ; elapsed = 00:00:12 . Memory (MB): peak = 844.953 ; gain = 0.000
relaunch_sim: Time (s): cpu = 00:00:12 ; elapsed = 00:00:29 . Memory (MB): peak = 844.953 ; gain = 0.000
relaunch_sim
INFO: [Vivado 12-5682] Launching behavioral simulation in 'C:/Users/asgei/Desktop/RSA/RSA/RSA.sim/sim_1/behav/xsim'
INFO: [SIM-utils-51] Simulation object is 'sim_1'
INFO: [SIM-utils-54] Inspecting design source files for 'Core_tb' in fileset 'sim_1'...
INFO: [USF-XSim-97] Finding global include files...
INFO: [USF-XSim-98] Fetching design files from 'sim_1'...
INFO: [USF-XSim-2] XSim::Compile design
INFO: [USF-XSim-61] Executing 'COMPILE and ANALYZE' step in 'C:/Users/asgei/Desktop/RSA/RSA/RSA.sim/sim_1/behav/xsim'
"xvhdl --incr --relax -prj Core_tb_vhdl.prj"
INFO: [VRFC 10-163] Analyzing VHDL file "C:/Users/asgei/Desktop/RSA/RSA/RSA.srcs/sim_1/new/core_tb.vhd" into library xil_defaultlib
INFO: [VRFC 10-3107] analyzing entity 'Core_tb'
INFO: [USF-XSim-69] 'compile' step finished in '1' seconds
INFO: [Vivado 12-5682] Launching behavioral simulation in 'C:/Users/asgei/Desktop/RSA/RSA/RSA.sim/sim_1/behav/xsim'
INFO: [USF-XSim-3] XSim::Elaborate design
INFO: [USF-XSim-61] Executing 'ELABORATE' step in 'C:/Users/asgei/Desktop/RSA/RSA/RSA.sim/sim_1/behav/xsim'
"xelab -wto b21dbe30756047ff945bb1036337d7a8 --incr --debug typical --relax --mt 2 -L xil_defaultlib -L secureip --snapshot Core_tb_behav xil_defaultlib.Core_tb -log elaborate.log"
Vivado Simulator 2019.1
Copyright 1986-1999, 2001-2019 Xilinx, Inc. All Rights Reserved.
Running: C:/Xilinx/Vivado/2019.1/bin/unwrapped/win64.o/xelab.exe -wto b21dbe30756047ff945bb1036337d7a8 --incr --debug typical --relax --mt 2 -L xil_defaultlib -L secureip --snapshot Core_tb_behav xil_defaultlib.Core_tb -log elaborate.log 
Using 2 slave threads.
Starting static elaboration
Completed static elaboration
Starting simulation data flow analysis
Completed simulation data flow analysis
Time Resolution for simulation is 1ps
Compiling package std.standard
Compiling package std.textio
Compiling package ieee.std_logic_1164
Compiling package ieee.numeric_std
Compiling package ieee.std_logic_arith
Compiling package ieee.std_logic_unsigned
Compiling architecture behavioral of entity xil_defaultlib.ALU [alu_default]
Compiling architecture behavioral of entity xil_defaultlib.Control [control_default]
Compiling architecture behavoir of entity xil_defaultlib.Core [core_default]
Compiling architecture bench of entity xil_defaultlib.core_tb
Built simulation snapshot Core_tb_behav
INFO: [USF-XSim-69] 'elaborate' step finished in '2' seconds
Vivado Simulator 2019.1
Time resolution is 1 ps
run: Time (s): cpu = 00:00:10 ; elapsed = 00:00:11 . Memory (MB): peak = 844.953 ; gain = 0.000
relaunch_xsim_kernel: Time (s): cpu = 00:00:11 ; elapsed = 00:00:13 . Memory (MB): peak = 844.953 ; gain = 0.000
relaunch_sim: Time (s): cpu = 00:00:12 ; elapsed = 00:00:18 . Memory (MB): peak = 844.953 ; gain = 0.000
close_sim
INFO: [Simtcl 6-16] Simulation closed
exit
INFO: [Common 17-206] Exiting Vivado at Sat Nov 16 12:03:03 2019...
