#-----------------------------------------------------------
# Vivado v2019.1 (64-bit)
# SW Build 2552052 on Fri May 24 14:49:42 MDT 2019
# IP Build 2548770 on Fri May 24 18:01:18 MDT 2019
# Start of session at: Wed Nov 13 10:52:36 2019
# Process ID: 14896
# Current directory: C:/Users/asgei/Desktop/RSA/RSA
# Command line: vivado.exe -gui_launcher_event rodinguilauncherevent7228 C:\Users\asgei\Desktop\RSA\RSA\RSA.xpr
# Log file: C:/Users/asgei/Desktop/RSA/RSA/vivado.log
# Journal file: C:/Users/asgei/Desktop/RSA/RSA\vivado.jou
#-----------------------------------------------------------
start_gui
open_project C:/Users/asgei/Desktop/RSA/RSA/RSA.xpr
Scanning sources...
Finished scanning sources
INFO: [IP_Flow 19-234] Refreshing IP repositories
INFO: [IP_Flow 19-1704] No user IP repositories specified
INFO: [IP_Flow 19-2313] Loaded Vivado IP repository 'C:/Xilinx/Vivado/2019.1/data/ip'.
open_project: Time (s): cpu = 00:00:16 ; elapsed = 00:00:07 . Memory (MB): peak = 935.418 ; gain = 93.785
update_compile_order -fileset sources_1
launch_simulation
INFO: [Vivado 12-5682] Launching behavioral simulation in 'C:/Users/asgei/Desktop/RSA/RSA/RSA.sim/sim_1/behav/xsim'
INFO: [SIM-utils-51] Simulation object is 'sim_1'
INFO: [SIM-utils-54] Inspecting design source files for 'Core_tb' in fileset 'sim_1'...
INFO: [USF-XSim-97] Finding global include files...
INFO: [USF-XSim-98] Fetching design files from 'sim_1'...
INFO: [USF-XSim-2] XSim::Compile design
INFO: [USF-XSim-61] Executing 'COMPILE and ANALYZE' step in 'C:/Users/asgei/Desktop/RSA/RSA/RSA.sim/sim_1/behav/xsim'
"xvhdl --incr --relax -prj Core_tb_vhdl.prj"
INFO: [VRFC 10-163] Analyzing VHDL file "C:/Users/asgei/Desktop/RSA/RSA/RSA.srcs/sources_1/new/Control.vhd" into library xil_defaultlib
INFO: [VRFC 10-3107] analyzing entity 'Control'
INFO: [VRFC 10-163] Analyzing VHDL file "C:/Users/asgei/Desktop/RSA/RSA/RSA.srcs/sources_1/new/Core.vhd" into library xil_defaultlib
INFO: [VRFC 10-3107] analyzing entity 'Core'
INFO: [USF-XSim-69] 'compile' step finished in '2' seconds
INFO: [USF-XSim-3] XSim::Elaborate design
INFO: [USF-XSim-61] Executing 'ELABORATE' step in 'C:/Users/asgei/Desktop/RSA/RSA/RSA.sim/sim_1/behav/xsim'
"xelab -wto b21dbe30756047ff945bb1036337d7a8 --incr --debug typical --relax --mt 2 -L xil_defaultlib -L secureip --snapshot Core_tb_behav xil_defaultlib.Core_tb -log elaborate.log"
Vivado Simulator 2019.1
Copyright 1986-1999, 2001-2019 Xilinx, Inc. All Rights Reserved.
Running: C:/Xilinx/Vivado/2019.1/bin/unwrapped/win64.o/xelab.exe -wto b21dbe30756047ff945bb1036337d7a8 --incr --debug typical --relax --mt 2 -L xil_defaultlib -L secureip --snapshot Core_tb_behav xil_defaultlib.Core_tb -log elaborate.log 
Using 2 slave threads.
Starting static elaboration
Completed static elaboration
Starting simulation data flow analysis
Completed simulation data flow analysis
Time Resolution for simulation is 1ps
Compiling package std.standard
Compiling package std.textio
Compiling package ieee.std_logic_1164
Compiling package ieee.numeric_std
Compiling package ieee.std_logic_arith
Compiling package ieee.std_logic_unsigned
Compiling architecture behavioral of entity xil_defaultlib.ALU [alu_default]
Compiling architecture behavioral of entity xil_defaultlib.Control [control_default]
Compiling architecture behavoir of entity xil_defaultlib.Core [core_default]
Compiling architecture bench of entity xil_defaultlib.core_tb
Built simulation snapshot Core_tb_behav

****** Webtalk v2019.1 (64-bit)
  **** SW Build 2552052 on Fri May 24 14:49:42 MDT 2019
  **** IP Build 2548770 on Fri May 24 18:01:18 MDT 2019
    ** Copyright 1986-2019 Xilinx, Inc. All Rights Reserved.

source C:/Users/asgei/Desktop/RSA/RSA/RSA.sim/sim_1/behav/xsim/xsim.dir/Core_tb_behav/webtalk/xsim_webtalk.tcl -notrace
INFO: [Common 17-186] 'C:/Users/asgei/Desktop/RSA/RSA/RSA.sim/sim_1/behav/xsim/xsim.dir/Core_tb_behav/webtalk/usage_statistics_ext_xsim.xml' has been successfully sent to Xilinx on Wed Nov 13 10:53:20 2019. For additional details about this file, please refer to the WebTalk help file at C:/Xilinx/Vivado/2019.1/doc/webtalk_introduction.html.
INFO: [Common 17-206] Exiting Webtalk at Wed Nov 13 10:53:20 2019...
run_program: Time (s): cpu = 00:00:00 ; elapsed = 00:00:08 . Memory (MB): peak = 935.418 ; gain = 0.000
INFO: [USF-XSim-69] 'elaborate' step finished in '8' seconds
INFO: [USF-XSim-4] XSim::Simulate design
INFO: [USF-XSim-61] Executing 'SIMULATE' step in 'C:/Users/asgei/Desktop/RSA/RSA/RSA.sim/sim_1/behav/xsim'
INFO: [USF-XSim-98] *** Running xsim
   with args "Core_tb_behav -key {Behavioral:sim_1:Functional:Core_tb} -tclbatch {Core_tb.tcl} -log {simulate.log}"
INFO: [USF-XSim-8] Loading simulator feature
Vivado Simulator 2019.1
Time resolution is 1 ps
source Core_tb.tcl
# set curr_wave [current_wave_config]
# if { [string length $curr_wave] == 0 } {
#   if { [llength [get_objects]] > 0} {
#     add_wave /
#     set_property needs_save false [current_wave_config]
#   } else {
#      send_msg_id Add_Wave-1 WARNING "No top level signals found. Simulator will start without a wave window. If you want to open a wave window go to 'File->New Waveform Configuration' or type 'create_wave_config' in the TCL console."
#   }
# }
# run 1ms
run: Time (s): cpu = 00:00:09 ; elapsed = 00:00:08 . Memory (MB): peak = 935.418 ; gain = 0.000
xsim: Time (s): cpu = 00:00:18 ; elapsed = 00:00:12 . Memory (MB): peak = 935.418 ; gain = 0.000
INFO: [USF-XSim-96] XSim completed. Design snapshot 'Core_tb_behav' loaded.
INFO: [USF-XSim-97] XSim simulation ran for 1ms
launch_simulation: Time (s): cpu = 00:00:21 ; elapsed = 00:00:22 . Memory (MB): peak = 935.418 ; gain = 0.000
run 6 ms
run: Time (s): cpu = 00:00:06 ; elapsed = 00:00:05 . Memory (MB): peak = 935.418 ; gain = 0.000
relaunch_sim
suspend_sim: Time (s): cpu = 00:00:00 ; elapsed = 00:00:06 . Memory (MB): peak = 935.418 ; gain = 0.000
INFO: [Vivado 12-5682] Launching behavioral simulation in 'C:/Users/asgei/Desktop/RSA/RSA/RSA.sim/sim_1/behav/xsim'
INFO: [SIM-utils-51] Simulation object is 'sim_1'
INFO: [SIM-utils-54] Inspecting design source files for 'Core_tb' in fileset 'sim_1'...
INFO: [USF-XSim-97] Finding global include files...
INFO: [USF-XSim-98] Fetching design files from 'sim_1'...
INFO: [USF-XSim-2] XSim::Compile design
INFO: [USF-XSim-61] Executing 'COMPILE and ANALYZE' step in 'C:/Users/asgei/Desktop/RSA/RSA/RSA.sim/sim_1/behav/xsim'
"xvhdl --incr --relax -prj Core_tb_vhdl.prj"
INFO: [VRFC 10-163] Analyzing VHDL file "C:/Users/asgei/Desktop/RSA/RSA/RSA.srcs/sources_1/new/Control.vhd" into library xil_defaultlib
INFO: [VRFC 10-3107] analyzing entity 'Control'
INFO: [VRFC 10-163] Analyzing VHDL file "C:/Users/asgei/Desktop/RSA/RSA/RSA.srcs/sources_1/new/Core.vhd" into library xil_defaultlib
INFO: [VRFC 10-3107] analyzing entity 'Core'
INFO: [VRFC 10-163] Analyzing VHDL file "C:/Users/asgei/Desktop/RSA/RSA/RSA.srcs/sim_1/new/core_tb.vhd" into library xil_defaultlib
INFO: [VRFC 10-3107] analyzing entity 'Core_tb'
INFO: [USF-XSim-69] 'compile' step finished in '2' seconds
INFO: [Vivado 12-5682] Launching behavioral simulation in 'C:/Users/asgei/Desktop/RSA/RSA/RSA.sim/sim_1/behav/xsim'
INFO: [USF-XSim-3] XSim::Elaborate design
INFO: [USF-XSim-61] Executing 'ELABORATE' step in 'C:/Users/asgei/Desktop/RSA/RSA/RSA.sim/sim_1/behav/xsim'
"xelab -wto b21dbe30756047ff945bb1036337d7a8 --incr --debug typical --relax --mt 2 -L xil_defaultlib -L secureip --snapshot Core_tb_behav xil_defaultlib.Core_tb -log elaborate.log"
Vivado Simulator 2019.1
Copyright 1986-1999, 2001-2019 Xilinx, Inc. All Rights Reserved.
Running: C:/Xilinx/Vivado/2019.1/bin/unwrapped/win64.o/xelab.exe -wto b21dbe30756047ff945bb1036337d7a8 --incr --debug typical --relax --mt 2 -L xil_defaultlib -L secureip --snapshot Core_tb_behav xil_defaultlib.Core_tb -log elaborate.log 
Using 2 slave threads.
Starting static elaboration
Completed static elaboration
Starting simulation data flow analysis
Completed simulation data flow analysis
Time Resolution for simulation is 1ps
Compiling package std.standard
Compiling package std.textio
Compiling package ieee.std_logic_1164
Compiling package ieee.numeric_std
Compiling package ieee.std_logic_arith
Compiling package ieee.std_logic_unsigned
Compiling architecture behavioral of entity xil_defaultlib.ALU [alu_default]
Compiling architecture behavioral of entity xil_defaultlib.Control [control_default]
Compiling architecture behavoir of entity xil_defaultlib.Core [core_default]
Compiling architecture bench of entity xil_defaultlib.core_tb
Built simulation snapshot Core_tb_behav
INFO: [USF-XSim-69] 'elaborate' step finished in '3' seconds
Vivado Simulator 2019.1
Time resolution is 1 ps
run: Time (s): cpu = 00:00:08 ; elapsed = 00:00:08 . Memory (MB): peak = 935.418 ; gain = 0.000
relaunch_xsim_kernel: Time (s): cpu = 00:00:09 ; elapsed = 00:00:09 . Memory (MB): peak = 935.418 ; gain = 0.000
relaunch_sim: Time (s): cpu = 00:00:10 ; elapsed = 00:00:22 . Memory (MB): peak = 935.418 ; gain = 0.000
relaunch_sim
INFO: [Vivado 12-5682] Launching behavioral simulation in 'C:/Users/asgei/Desktop/RSA/RSA/RSA.sim/sim_1/behav/xsim'
INFO: [SIM-utils-51] Simulation object is 'sim_1'
INFO: [SIM-utils-54] Inspecting design source files for 'Core_tb' in fileset 'sim_1'...
INFO: [USF-XSim-97] Finding global include files...
INFO: [USF-XSim-98] Fetching design files from 'sim_1'...
INFO: [USF-XSim-2] XSim::Compile design
INFO: [USF-XSim-61] Executing 'COMPILE and ANALYZE' step in 'C:/Users/asgei/Desktop/RSA/RSA/RSA.sim/sim_1/behav/xsim'
"xvhdl --incr --relax -prj Core_tb_vhdl.prj"
INFO: [VRFC 10-163] Analyzing VHDL file "C:/Users/asgei/Desktop/RSA/RSA/RSA.srcs/sim_1/new/core_tb.vhd" into library xil_defaultlib
INFO: [VRFC 10-3107] analyzing entity 'Core_tb'
INFO: [USF-XSim-69] 'compile' step finished in '1' seconds
INFO: [Vivado 12-5682] Launching behavioral simulation in 'C:/Users/asgei/Desktop/RSA/RSA/RSA.sim/sim_1/behav/xsim'
INFO: [USF-XSim-3] XSim::Elaborate design
INFO: [USF-XSim-61] Executing 'ELABORATE' step in 'C:/Users/asgei/Desktop/RSA/RSA/RSA.sim/sim_1/behav/xsim'
"xelab -wto b21dbe30756047ff945bb1036337d7a8 --incr --debug typical --relax --mt 2 -L xil_defaultlib -L secureip --snapshot Core_tb_behav xil_defaultlib.Core_tb -log elaborate.log"
Vivado Simulator 2019.1
Copyright 1986-1999, 2001-2019 Xilinx, Inc. All Rights Reserved.
Running: C:/Xilinx/Vivado/2019.1/bin/unwrapped/win64.o/xelab.exe -wto b21dbe30756047ff945bb1036337d7a8 --incr --debug typical --relax --mt 2 -L xil_defaultlib -L secureip --snapshot Core_tb_behav xil_defaultlib.Core_tb -log elaborate.log 
Using 2 slave threads.
Starting static elaboration
Completed static elaboration
Starting simulation data flow analysis
Completed simulation data flow analysis
Time Resolution for simulation is 1ps
Compiling package std.standard
Compiling package std.textio
Compiling package ieee.std_logic_1164
Compiling package ieee.numeric_std
Compiling package ieee.std_logic_arith
Compiling package ieee.std_logic_unsigned
Compiling architecture behavioral of entity xil_defaultlib.ALU [alu_default]
Compiling architecture behavioral of entity xil_defaultlib.Control [control_default]
Compiling architecture behavoir of entity xil_defaultlib.Core [core_default]
Compiling architecture bench of entity xil_defaultlib.core_tb
Built simulation snapshot Core_tb_behav
INFO: [USF-XSim-69] 'elaborate' step finished in '2' seconds
Vivado Simulator 2019.1
Time resolution is 1 ps
run: Time (s): cpu = 00:00:07 ; elapsed = 00:00:08 . Memory (MB): peak = 935.418 ; gain = 0.000
relaunch_xsim_kernel: Time (s): cpu = 00:00:08 ; elapsed = 00:00:09 . Memory (MB): peak = 935.418 ; gain = 0.000
relaunch_sim: Time (s): cpu = 00:00:09 ; elapsed = 00:00:14 . Memory (MB): peak = 935.418 ; gain = 0.000
relaunch_sim
INFO: [Vivado 12-5682] Launching behavioral simulation in 'C:/Users/asgei/Desktop/RSA/RSA/RSA.sim/sim_1/behav/xsim'
INFO: [SIM-utils-51] Simulation object is 'sim_1'
INFO: [SIM-utils-54] Inspecting design source files for 'Core_tb' in fileset 'sim_1'...
INFO: [USF-XSim-97] Finding global include files...
INFO: [USF-XSim-98] Fetching design files from 'sim_1'...
INFO: [USF-XSim-2] XSim::Compile design
INFO: [USF-XSim-61] Executing 'COMPILE and ANALYZE' step in 'C:/Users/asgei/Desktop/RSA/RSA/RSA.sim/sim_1/behav/xsim'
"xvhdl --incr --relax -prj Core_tb_vhdl.prj"
INFO: [VRFC 10-163] Analyzing VHDL file "C:/Users/asgei/Desktop/RSA/RSA/RSA.srcs/sim_1/new/core_tb.vhd" into library xil_defaultlib
INFO: [VRFC 10-3107] analyzing entity 'Core_tb'
ERROR: [VRFC 10-4982] syntax error near '"11011001"' [C:/Users/asgei/Desktop/RSA/RSA/RSA.srcs/sim_1/new/core_tb.vhd:65]
ERROR: [VRFC 10-4982] syntax error near '"01010101"' [C:/Users/asgei/Desktop/RSA/RSA/RSA.srcs/sim_1/new/core_tb.vhd:66]
ERROR: [VRFC 10-4982] syntax error near '"11010111"' [C:/Users/asgei/Desktop/RSA/RSA/RSA.srcs/sim_1/new/core_tb.vhd:67]
ERROR: [VRFC 10-3782] unit 'bench' ignored due to previous errors [C:/Users/asgei/Desktop/RSA/RSA/RSA.srcs/sim_1/new/core_tb.vhd:8]
INFO: [VRFC 10-3070] VHDL file 'C:/Users/asgei/Desktop/RSA/RSA/RSA.srcs/sim_1/new/core_tb.vhd' ignored due to errors
INFO: [USF-XSim-69] 'compile' step finished in '2' seconds
INFO: [USF-XSim-99] Step results log file:'C:/Users/asgei/Desktop/RSA/RSA/RSA.sim/sim_1/behav/xsim/xvhdl.log'
ERROR: [USF-XSim-62] 'compile' step failed with error(s). Please check the Tcl console output or 'C:/Users/asgei/Desktop/RSA/RSA/RSA.sim/sim_1/behav/xsim/xvhdl.log' file for more information.
ERROR: [Vivado 12-4473] Detected error while running simulation. Please correct the issue and retry this operation.
ERROR: [Common 17-39] 'launch_simulation' failed due to earlier errors.
ERROR: [Common 17-69] Command failed: ERROR: [Common 17-39] 'launch_simulation' failed due to earlier errors.

relaunch_sim
INFO: [Vivado 12-5682] Launching behavioral simulation in 'C:/Users/asgei/Desktop/RSA/RSA/RSA.sim/sim_1/behav/xsim'
INFO: [SIM-utils-51] Simulation object is 'sim_1'
INFO: [SIM-utils-54] Inspecting design source files for 'Core_tb' in fileset 'sim_1'...
INFO: [USF-XSim-97] Finding global include files...
INFO: [USF-XSim-98] Fetching design files from 'sim_1'...
INFO: [USF-XSim-2] XSim::Compile design
INFO: [USF-XSim-61] Executing 'COMPILE and ANALYZE' step in 'C:/Users/asgei/Desktop/RSA/RSA/RSA.sim/sim_1/behav/xsim'
"xvhdl --incr --relax -prj Core_tb_vhdl.prj"
INFO: [VRFC 10-163] Analyzing VHDL file "C:/Users/asgei/Desktop/RSA/RSA/RSA.srcs/sim_1/new/core_tb.vhd" into library xil_defaultlib
INFO: [VRFC 10-3107] analyzing entity 'Core_tb'
ERROR: [VRFC 10-4982] syntax error near '"11011001"' [C:/Users/asgei/Desktop/RSA/RSA/RSA.srcs/sim_1/new/core_tb.vhd:65]
ERROR: [VRFC 10-4982] syntax error near '"01010101"' [C:/Users/asgei/Desktop/RSA/RSA/RSA.srcs/sim_1/new/core_tb.vhd:66]
ERROR: [VRFC 10-4982] syntax error near '"11010111"' [C:/Users/asgei/Desktop/RSA/RSA/RSA.srcs/sim_1/new/core_tb.vhd:67]
ERROR: [VRFC 10-3782] unit 'bench' ignored due to previous errors [C:/Users/asgei/Desktop/RSA/RSA/RSA.srcs/sim_1/new/core_tb.vhd:8]
INFO: [VRFC 10-3070] VHDL file 'C:/Users/asgei/Desktop/RSA/RSA/RSA.srcs/sim_1/new/core_tb.vhd' ignored due to errors
INFO: [USF-XSim-69] 'compile' step finished in '2' seconds
INFO: [USF-XSim-99] Step results log file:'C:/Users/asgei/Desktop/RSA/RSA/RSA.sim/sim_1/behav/xsim/xvhdl.log'
ERROR: [USF-XSim-62] 'compile' step failed with error(s). Please check the Tcl console output or 'C:/Users/asgei/Desktop/RSA/RSA/RSA.sim/sim_1/behav/xsim/xvhdl.log' file for more information.
ERROR: [Vivado 12-4473] Detected error while running simulation. Please correct the issue and retry this operation.
ERROR: [Common 17-39] 'launch_simulation' failed due to earlier errors.
ERROR: [Common 17-69] Command failed: ERROR: [Common 17-39] 'launch_simulation' failed due to earlier errors.

relaunch_sim
INFO: [Vivado 12-5682] Launching behavioral simulation in 'C:/Users/asgei/Desktop/RSA/RSA/RSA.sim/sim_1/behav/xsim'
INFO: [SIM-utils-51] Simulation object is 'sim_1'
INFO: [SIM-utils-54] Inspecting design source files for 'Core_tb' in fileset 'sim_1'...
INFO: [USF-XSim-97] Finding global include files...
INFO: [USF-XSim-98] Fetching design files from 'sim_1'...
INFO: [USF-XSim-2] XSim::Compile design
INFO: [USF-XSim-61] Executing 'COMPILE and ANALYZE' step in 'C:/Users/asgei/Desktop/RSA/RSA/RSA.sim/sim_1/behav/xsim'
"xvhdl --incr --relax -prj Core_tb_vhdl.prj"
INFO: [VRFC 10-163] Analyzing VHDL file "C:/Users/asgei/Desktop/RSA/RSA/RSA.srcs/sim_1/new/core_tb.vhd" into library xil_defaultlib
INFO: [VRFC 10-3107] analyzing entity 'Core_tb'
INFO: [USF-XSim-69] 'compile' step finished in '2' seconds
INFO: [Vivado 12-5682] Launching behavioral simulation in 'C:/Users/asgei/Desktop/RSA/RSA/RSA.sim/sim_1/behav/xsim'
INFO: [USF-XSim-3] XSim::Elaborate design
INFO: [USF-XSim-61] Executing 'ELABORATE' step in 'C:/Users/asgei/Desktop/RSA/RSA/RSA.sim/sim_1/behav/xsim'
"xelab -wto b21dbe30756047ff945bb1036337d7a8 --incr --debug typical --relax --mt 2 -L xil_defaultlib -L secureip --snapshot Core_tb_behav xil_defaultlib.Core_tb -log elaborate.log"
Vivado Simulator 2019.1
Copyright 1986-1999, 2001-2019 Xilinx, Inc. All Rights Reserved.
Running: C:/Xilinx/Vivado/2019.1/bin/unwrapped/win64.o/xelab.exe -wto b21dbe30756047ff945bb1036337d7a8 --incr --debug typical --relax --mt 2 -L xil_defaultlib -L secureip --snapshot Core_tb_behav xil_defaultlib.Core_tb -log elaborate.log 
Using 2 slave threads.
Starting static elaboration
ERROR: [VRFC 10-664] expression has 254 elements ; expected 256 [C:/Users/asgei/Desktop/RSA/RSA/RSA.srcs/sim_1/new/core_tb.vhd:67]
ERROR: [XSIM 43-3321] Static elaboration of top level VHDL design unit core_tb in library work failed.
INFO: [USF-XSim-69] 'elaborate' step finished in '1' seconds
INFO: [USF-XSim-99] Step results log file:'C:/Users/asgei/Desktop/RSA/RSA/RSA.sim/sim_1/behav/xsim/elaborate.log'
ERROR: [USF-XSim-62] 'elaborate' step failed with error(s). Please check the Tcl console output or 'C:/Users/asgei/Desktop/RSA/RSA/RSA.sim/sim_1/behav/xsim/elaborate.log' file for more information.
ERROR: [Vivado 12-4473] Detected error while running simulation. Please correct the issue and retry this operation.
ERROR: [Common 17-39] 'launch_simulation' failed due to earlier errors.
ERROR: [Common 17-69] Command failed: ERROR: [Common 17-39] 'launch_simulation' failed due to earlier errors.

relaunch_sim
INFO: [Vivado 12-5682] Launching behavioral simulation in 'C:/Users/asgei/Desktop/RSA/RSA/RSA.sim/sim_1/behav/xsim'
INFO: [SIM-utils-51] Simulation object is 'sim_1'
INFO: [SIM-utils-54] Inspecting design source files for 'Core_tb' in fileset 'sim_1'...
INFO: [USF-XSim-97] Finding global include files...
INFO: [USF-XSim-98] Fetching design files from 'sim_1'...
INFO: [USF-XSim-2] XSim::Compile design
INFO: [USF-XSim-61] Executing 'COMPILE and ANALYZE' step in 'C:/Users/asgei/Desktop/RSA/RSA/RSA.sim/sim_1/behav/xsim'
"xvhdl --incr --relax -prj Core_tb_vhdl.prj"
INFO: [VRFC 10-163] Analyzing VHDL file "C:/Users/asgei/Desktop/RSA/RSA/RSA.srcs/sim_1/new/core_tb.vhd" into library xil_defaultlib
INFO: [VRFC 10-3107] analyzing entity 'Core_tb'
INFO: [USF-XSim-69] 'compile' step finished in '2' seconds
INFO: [Vivado 12-5682] Launching behavioral simulation in 'C:/Users/asgei/Desktop/RSA/RSA/RSA.sim/sim_1/behav/xsim'
INFO: [USF-XSim-3] XSim::Elaborate design
INFO: [USF-XSim-61] Executing 'ELABORATE' step in 'C:/Users/asgei/Desktop/RSA/RSA/RSA.sim/sim_1/behav/xsim'
"xelab -wto b21dbe30756047ff945bb1036337d7a8 --incr --debug typical --relax --mt 2 -L xil_defaultlib -L secureip --snapshot Core_tb_behav xil_defaultlib.Core_tb -log elaborate.log"
Vivado Simulator 2019.1
Copyright 1986-1999, 2001-2019 Xilinx, Inc. All Rights Reserved.
Running: C:/Xilinx/Vivado/2019.1/bin/unwrapped/win64.o/xelab.exe -wto b21dbe30756047ff945bb1036337d7a8 --incr --debug typical --relax --mt 2 -L xil_defaultlib -L secureip --snapshot Core_tb_behav xil_defaultlib.Core_tb -log elaborate.log 
Using 2 slave threads.
Starting static elaboration
Completed static elaboration
Starting simulation data flow analysis
Completed simulation data flow analysis
Time Resolution for simulation is 1ps
Compiling package std.standard
Compiling package std.textio
Compiling package ieee.std_logic_1164
Compiling package ieee.numeric_std
Compiling package ieee.std_logic_arith
Compiling package ieee.std_logic_unsigned
Compiling architecture behavioral of entity xil_defaultlib.ALU [alu_default]
Compiling architecture behavioral of entity xil_defaultlib.Control [control_default]
Compiling architecture behavoir of entity xil_defaultlib.Core [core_default]
Compiling architecture bench of entity xil_defaultlib.core_tb
Built simulation snapshot Core_tb_behav
INFO: [USF-XSim-69] 'elaborate' step finished in '2' seconds
Vivado Simulator 2019.1
Time resolution is 1 ps
run: Time (s): cpu = 00:00:08 ; elapsed = 00:00:08 . Memory (MB): peak = 935.418 ; gain = 0.000
relaunch_xsim_kernel: Time (s): cpu = 00:00:09 ; elapsed = 00:00:10 . Memory (MB): peak = 935.418 ; gain = 0.000
relaunch_sim: Time (s): cpu = 00:00:09 ; elapsed = 00:00:14 . Memory (MB): peak = 935.418 ; gain = 0.000
relaunch_sim
INFO: [Vivado 12-5682] Launching behavioral simulation in 'C:/Users/asgei/Desktop/RSA/RSA/RSA.sim/sim_1/behav/xsim'
INFO: [SIM-utils-51] Simulation object is 'sim_1'
INFO: [SIM-utils-54] Inspecting design source files for 'Core_tb' in fileset 'sim_1'...
INFO: [USF-XSim-97] Finding global include files...
INFO: [USF-XSim-98] Fetching design files from 'sim_1'...
INFO: [USF-XSim-2] XSim::Compile design
INFO: [USF-XSim-61] Executing 'COMPILE and ANALYZE' step in 'C:/Users/asgei/Desktop/RSA/RSA/RSA.sim/sim_1/behav/xsim'
"xvhdl --incr --relax -prj Core_tb_vhdl.prj"
INFO: [VRFC 10-163] Analyzing VHDL file "C:/Users/asgei/Desktop/RSA/RSA/RSA.srcs/sim_1/new/core_tb.vhd" into library xil_defaultlib
INFO: [VRFC 10-3107] analyzing entity 'Core_tb'
INFO: [USF-XSim-69] 'compile' step finished in '2' seconds
INFO: [Vivado 12-5682] Launching behavioral simulation in 'C:/Users/asgei/Desktop/RSA/RSA/RSA.sim/sim_1/behav/xsim'
INFO: [USF-XSim-3] XSim::Elaborate design
INFO: [USF-XSim-61] Executing 'ELABORATE' step in 'C:/Users/asgei/Desktop/RSA/RSA/RSA.sim/sim_1/behav/xsim'
"xelab -wto b21dbe30756047ff945bb1036337d7a8 --incr --debug typical --relax --mt 2 -L xil_defaultlib -L secureip --snapshot Core_tb_behav xil_defaultlib.Core_tb -log elaborate.log"
Vivado Simulator 2019.1
Copyright 1986-1999, 2001-2019 Xilinx, Inc. All Rights Reserved.
Running: C:/Xilinx/Vivado/2019.1/bin/unwrapped/win64.o/xelab.exe -wto b21dbe30756047ff945bb1036337d7a8 --incr --debug typical --relax --mt 2 -L xil_defaultlib -L secureip --snapshot Core_tb_behav xil_defaultlib.Core_tb -log elaborate.log 
Using 2 slave threads.
Starting static elaboration
Completed static elaboration
Starting simulation data flow analysis
Completed simulation data flow analysis
Time Resolution for simulation is 1ps
Compiling package std.standard
Compiling package std.textio
Compiling package ieee.std_logic_1164
Compiling package ieee.numeric_std
Compiling package ieee.std_logic_arith
Compiling package ieee.std_logic_unsigned
Compiling architecture behavioral of entity xil_defaultlib.ALU [alu_default]
Compiling architecture behavioral of entity xil_defaultlib.Control [control_default]
Compiling architecture behavoir of entity xil_defaultlib.Core [core_default]
Compiling architecture bench of entity xil_defaultlib.core_tb
Built simulation snapshot Core_tb_behav
INFO: [USF-XSim-69] 'elaborate' step finished in '1' seconds
Vivado Simulator 2019.1
Time resolution is 1 ps
run: Time (s): cpu = 00:00:09 ; elapsed = 00:00:09 . Memory (MB): peak = 935.418 ; gain = 0.000
relaunch_xsim_kernel: Time (s): cpu = 00:00:09 ; elapsed = 00:00:10 . Memory (MB): peak = 935.418 ; gain = 0.000
relaunch_sim: Time (s): cpu = 00:00:10 ; elapsed = 00:00:15 . Memory (MB): peak = 935.418 ; gain = 0.000
relaunch_sim
INFO: [Vivado 12-5682] Launching behavioral simulation in 'C:/Users/asgei/Desktop/RSA/RSA/RSA.sim/sim_1/behav/xsim'
INFO: [SIM-utils-51] Simulation object is 'sim_1'
INFO: [SIM-utils-54] Inspecting design source files for 'Core_tb' in fileset 'sim_1'...
INFO: [USF-XSim-97] Finding global include files...
INFO: [USF-XSim-98] Fetching design files from 'sim_1'...
INFO: [USF-XSim-2] XSim::Compile design
INFO: [USF-XSim-61] Executing 'COMPILE and ANALYZE' step in 'C:/Users/asgei/Desktop/RSA/RSA/RSA.sim/sim_1/behav/xsim'
"xvhdl --incr --relax -prj Core_tb_vhdl.prj"
INFO: [VRFC 10-163] Analyzing VHDL file "C:/Users/asgei/Desktop/RSA/RSA/RSA.srcs/sim_1/new/core_tb.vhd" into library xil_defaultlib
INFO: [VRFC 10-3107] analyzing entity 'Core_tb'
INFO: [USF-XSim-69] 'compile' step finished in '2' seconds
INFO: [Vivado 12-5682] Launching behavioral simulation in 'C:/Users/asgei/Desktop/RSA/RSA/RSA.sim/sim_1/behav/xsim'
INFO: [USF-XSim-3] XSim::Elaborate design
INFO: [USF-XSim-61] Executing 'ELABORATE' step in 'C:/Users/asgei/Desktop/RSA/RSA/RSA.sim/sim_1/behav/xsim'
"xelab -wto b21dbe30756047ff945bb1036337d7a8 --incr --debug typical --relax --mt 2 -L xil_defaultlib -L secureip --snapshot Core_tb_behav xil_defaultlib.Core_tb -log elaborate.log"
Vivado Simulator 2019.1
Copyright 1986-1999, 2001-2019 Xilinx, Inc. All Rights Reserved.
Running: C:/Xilinx/Vivado/2019.1/bin/unwrapped/win64.o/xelab.exe -wto b21dbe30756047ff945bb1036337d7a8 --incr --debug typical --relax --mt 2 -L xil_defaultlib -L secureip --snapshot Core_tb_behav xil_defaultlib.Core_tb -log elaborate.log 
Using 2 slave threads.
Starting static elaboration
Completed static elaboration
Starting simulation data flow analysis
Completed simulation data flow analysis
Time Resolution for simulation is 1ps
Compiling package std.standard
Compiling package std.textio
Compiling package ieee.std_logic_1164
Compiling package ieee.numeric_std
Compiling package ieee.std_logic_arith
Compiling package ieee.std_logic_unsigned
Compiling architecture behavioral of entity xil_defaultlib.ALU [alu_default]
Compiling architecture behavioral of entity xil_defaultlib.Control [control_default]
Compiling architecture behavoir of entity xil_defaultlib.Core [core_default]
Compiling architecture bench of entity xil_defaultlib.core_tb
Built simulation snapshot Core_tb_behav
INFO: [USF-XSim-69] 'elaborate' step finished in '2' seconds
Vivado Simulator 2019.1
Time resolution is 1 ps
run: Time (s): cpu = 00:00:08 ; elapsed = 00:00:09 . Memory (MB): peak = 935.418 ; gain = 0.000
relaunch_xsim_kernel: Time (s): cpu = 00:00:09 ; elapsed = 00:00:11 . Memory (MB): peak = 935.418 ; gain = 0.000
relaunch_sim: Time (s): cpu = 00:00:09 ; elapsed = 00:00:16 . Memory (MB): peak = 935.418 ; gain = 0.000
relaunch_sim
INFO: [Vivado 12-5682] Launching behavioral simulation in 'C:/Users/asgei/Desktop/RSA/RSA/RSA.sim/sim_1/behav/xsim'
INFO: [SIM-utils-51] Simulation object is 'sim_1'
INFO: [SIM-utils-54] Inspecting design source files for 'Core_tb' in fileset 'sim_1'...
INFO: [USF-XSim-97] Finding global include files...
INFO: [USF-XSim-98] Fetching design files from 'sim_1'...
INFO: [USF-XSim-2] XSim::Compile design
INFO: [USF-XSim-61] Executing 'COMPILE and ANALYZE' step in 'C:/Users/asgei/Desktop/RSA/RSA/RSA.sim/sim_1/behav/xsim'
"xvhdl --incr --relax -prj Core_tb_vhdl.prj"
INFO: [VRFC 10-163] Analyzing VHDL file "C:/Users/asgei/Desktop/RSA/RSA/RSA.srcs/sim_1/new/core_tb.vhd" into library xil_defaultlib
INFO: [VRFC 10-3107] analyzing entity 'Core_tb'
INFO: [USF-XSim-69] 'compile' step finished in '1' seconds
INFO: [Vivado 12-5682] Launching behavioral simulation in 'C:/Users/asgei/Desktop/RSA/RSA/RSA.sim/sim_1/behav/xsim'
INFO: [USF-XSim-3] XSim::Elaborate design
INFO: [USF-XSim-61] Executing 'ELABORATE' step in 'C:/Users/asgei/Desktop/RSA/RSA/RSA.sim/sim_1/behav/xsim'
"xelab -wto b21dbe30756047ff945bb1036337d7a8 --incr --debug typical --relax --mt 2 -L xil_defaultlib -L secureip --snapshot Core_tb_behav xil_defaultlib.Core_tb -log elaborate.log"
Vivado Simulator 2019.1
Copyright 1986-1999, 2001-2019 Xilinx, Inc. All Rights Reserved.
Running: C:/Xilinx/Vivado/2019.1/bin/unwrapped/win64.o/xelab.exe -wto b21dbe30756047ff945bb1036337d7a8 --incr --debug typical --relax --mt 2 -L xil_defaultlib -L secureip --snapshot Core_tb_behav xil_defaultlib.Core_tb -log elaborate.log 
Using 2 slave threads.
Starting static elaboration
Completed static elaboration
Starting simulation data flow analysis
Completed simulation data flow analysis
Time Resolution for simulation is 1ps
Compiling package std.standard
Compiling package std.textio
Compiling package ieee.std_logic_1164
Compiling package ieee.numeric_std
Compiling package ieee.std_logic_arith
Compiling package ieee.std_logic_unsigned
Compiling architecture behavioral of entity xil_defaultlib.ALU [alu_default]
Compiling architecture behavioral of entity xil_defaultlib.Control [control_default]
Compiling architecture behavoir of entity xil_defaultlib.Core [core_default]
Compiling architecture bench of entity xil_defaultlib.core_tb
Built simulation snapshot Core_tb_behav
INFO: [USF-XSim-69] 'elaborate' step finished in '2' seconds
Vivado Simulator 2019.1
Time resolution is 1 ps
run: Time (s): cpu = 00:00:08 ; elapsed = 00:00:08 . Memory (MB): peak = 935.418 ; gain = 0.000
relaunch_xsim_kernel: Time (s): cpu = 00:00:08 ; elapsed = 00:00:09 . Memory (MB): peak = 935.418 ; gain = 0.000
relaunch_sim: Time (s): cpu = 00:00:09 ; elapsed = 00:00:15 . Memory (MB): peak = 935.418 ; gain = 0.000
relaunch_sim
INFO: [Vivado 12-5682] Launching behavioral simulation in 'C:/Users/asgei/Desktop/RSA/RSA/RSA.sim/sim_1/behav/xsim'
INFO: [SIM-utils-51] Simulation object is 'sim_1'
INFO: [SIM-utils-54] Inspecting design source files for 'Core_tb' in fileset 'sim_1'...
INFO: [USF-XSim-97] Finding global include files...
INFO: [USF-XSim-98] Fetching design files from 'sim_1'...
INFO: [USF-XSim-2] XSim::Compile design
INFO: [USF-XSim-61] Executing 'COMPILE and ANALYZE' step in 'C:/Users/asgei/Desktop/RSA/RSA/RSA.sim/sim_1/behav/xsim'
"xvhdl --incr --relax -prj Core_tb_vhdl.prj"
INFO: [VRFC 10-163] Analyzing VHDL file "C:/Users/asgei/Desktop/RSA/RSA/RSA.srcs/sim_1/new/core_tb.vhd" into library xil_defaultlib
INFO: [VRFC 10-3107] analyzing entity 'Core_tb'
INFO: [USF-XSim-69] 'compile' step finished in '1' seconds
INFO: [Vivado 12-5682] Launching behavioral simulation in 'C:/Users/asgei/Desktop/RSA/RSA/RSA.sim/sim_1/behav/xsim'
INFO: [USF-XSim-3] XSim::Elaborate design
INFO: [USF-XSim-61] Executing 'ELABORATE' step in 'C:/Users/asgei/Desktop/RSA/RSA/RSA.sim/sim_1/behav/xsim'
"xelab -wto b21dbe30756047ff945bb1036337d7a8 --incr --debug typical --relax --mt 2 -L xil_defaultlib -L secureip --snapshot Core_tb_behav xil_defaultlib.Core_tb -log elaborate.log"
Vivado Simulator 2019.1
Copyright 1986-1999, 2001-2019 Xilinx, Inc. All Rights Reserved.
Running: C:/Xilinx/Vivado/2019.1/bin/unwrapped/win64.o/xelab.exe -wto b21dbe30756047ff945bb1036337d7a8 --incr --debug typical --relax --mt 2 -L xil_defaultlib -L secureip --snapshot Core_tb_behav xil_defaultlib.Core_tb -log elaborate.log 
Using 2 slave threads.
Starting static elaboration
Completed static elaboration
Starting simulation data flow analysis
Completed simulation data flow analysis
Time Resolution for simulation is 1ps
Compiling package std.standard
Compiling package std.textio
Compiling package ieee.std_logic_1164
Compiling package ieee.numeric_std
Compiling package ieee.std_logic_arith
Compiling package ieee.std_logic_unsigned
Compiling architecture behavioral of entity xil_defaultlib.ALU [alu_default]
Compiling architecture behavioral of entity xil_defaultlib.Control [control_default]
Compiling architecture behavoir of entity xil_defaultlib.Core [core_default]
Compiling architecture bench of entity xil_defaultlib.core_tb
Built simulation snapshot Core_tb_behav
INFO: [USF-XSim-69] 'elaborate' step finished in '2' seconds
Vivado Simulator 2019.1
Time resolution is 1 ps
run: Time (s): cpu = 00:00:07 ; elapsed = 00:00:08 . Memory (MB): peak = 935.418 ; gain = 0.000
relaunch_xsim_kernel: Time (s): cpu = 00:00:09 ; elapsed = 00:00:10 . Memory (MB): peak = 935.418 ; gain = 0.000
relaunch_sim: Time (s): cpu = 00:00:09 ; elapsed = 00:00:14 . Memory (MB): peak = 935.418 ; gain = 0.000
relaunch_sim
INFO: [Vivado 12-5682] Launching behavioral simulation in 'C:/Users/asgei/Desktop/RSA/RSA/RSA.sim/sim_1/behav/xsim'
INFO: [SIM-utils-51] Simulation object is 'sim_1'
INFO: [SIM-utils-54] Inspecting design source files for 'Core_tb' in fileset 'sim_1'...
INFO: [USF-XSim-97] Finding global include files...
INFO: [USF-XSim-98] Fetching design files from 'sim_1'...
INFO: [USF-XSim-2] XSim::Compile design
INFO: [USF-XSim-61] Executing 'COMPILE and ANALYZE' step in 'C:/Users/asgei/Desktop/RSA/RSA/RSA.sim/sim_1/behav/xsim'
"xvhdl --incr --relax -prj Core_tb_vhdl.prj"
INFO: [VRFC 10-163] Analyzing VHDL file "C:/Users/asgei/Desktop/RSA/RSA/RSA.srcs/sim_1/new/core_tb.vhd" into library xil_defaultlib
INFO: [VRFC 10-3107] analyzing entity 'Core_tb'
INFO: [USF-XSim-69] 'compile' step finished in '1' seconds
INFO: [Vivado 12-5682] Launching behavioral simulation in 'C:/Users/asgei/Desktop/RSA/RSA/RSA.sim/sim_1/behav/xsim'
INFO: [USF-XSim-3] XSim::Elaborate design
INFO: [USF-XSim-61] Executing 'ELABORATE' step in 'C:/Users/asgei/Desktop/RSA/RSA/RSA.sim/sim_1/behav/xsim'
"xelab -wto b21dbe30756047ff945bb1036337d7a8 --incr --debug typical --relax --mt 2 -L xil_defaultlib -L secureip --snapshot Core_tb_behav xil_defaultlib.Core_tb -log elaborate.log"
Vivado Simulator 2019.1
Copyright 1986-1999, 2001-2019 Xilinx, Inc. All Rights Reserved.
Running: C:/Xilinx/Vivado/2019.1/bin/unwrapped/win64.o/xelab.exe -wto b21dbe30756047ff945bb1036337d7a8 --incr --debug typical --relax --mt 2 -L xil_defaultlib -L secureip --snapshot Core_tb_behav xil_defaultlib.Core_tb -log elaborate.log 
Using 2 slave threads.
Starting static elaboration
Completed static elaboration
Starting simulation data flow analysis
Completed simulation data flow analysis
Time Resolution for simulation is 1ps
Compiling package std.standard
Compiling package std.textio
Compiling package ieee.std_logic_1164
Compiling package ieee.numeric_std
Compiling package ieee.std_logic_arith
Compiling package ieee.std_logic_unsigned
Compiling architecture behavioral of entity xil_defaultlib.ALU [alu_default]
Compiling architecture behavioral of entity xil_defaultlib.Control [control_default]
Compiling architecture behavoir of entity xil_defaultlib.Core [core_default]
Compiling architecture bench of entity xil_defaultlib.core_tb
Built simulation snapshot Core_tb_behav
INFO: [USF-XSim-69] 'elaborate' step finished in '2' seconds
Vivado Simulator 2019.1
Time resolution is 1 ps
run: Time (s): cpu = 00:00:08 ; elapsed = 00:00:08 . Memory (MB): peak = 935.418 ; gain = 0.000
relaunch_xsim_kernel: Time (s): cpu = 00:00:09 ; elapsed = 00:00:10 . Memory (MB): peak = 935.418 ; gain = 0.000
relaunch_sim: Time (s): cpu = 00:00:09 ; elapsed = 00:00:14 . Memory (MB): peak = 935.418 ; gain = 0.000
relaunch_sim
INFO: [Vivado 12-5682] Launching behavioral simulation in 'C:/Users/asgei/Desktop/RSA/RSA/RSA.sim/sim_1/behav/xsim'
INFO: [SIM-utils-51] Simulation object is 'sim_1'
INFO: [SIM-utils-54] Inspecting design source files for 'Core_tb' in fileset 'sim_1'...
INFO: [USF-XSim-97] Finding global include files...
INFO: [USF-XSim-98] Fetching design files from 'sim_1'...
INFO: [USF-XSim-2] XSim::Compile design
INFO: [USF-XSim-61] Executing 'COMPILE and ANALYZE' step in 'C:/Users/asgei/Desktop/RSA/RSA/RSA.sim/sim_1/behav/xsim'
"xvhdl --incr --relax -prj Core_tb_vhdl.prj"
INFO: [VRFC 10-163] Analyzing VHDL file "C:/Users/asgei/Desktop/RSA/RSA/RSA.srcs/sim_1/new/core_tb.vhd" into library xil_defaultlib
INFO: [VRFC 10-3107] analyzing entity 'Core_tb'
INFO: [USF-XSim-69] 'compile' step finished in '1' seconds
INFO: [Vivado 12-5682] Launching behavioral simulation in 'C:/Users/asgei/Desktop/RSA/RSA/RSA.sim/sim_1/behav/xsim'
INFO: [USF-XSim-3] XSim::Elaborate design
INFO: [USF-XSim-61] Executing 'ELABORATE' step in 'C:/Users/asgei/Desktop/RSA/RSA/RSA.sim/sim_1/behav/xsim'
"xelab -wto b21dbe30756047ff945bb1036337d7a8 --incr --debug typical --relax --mt 2 -L xil_defaultlib -L secureip --snapshot Core_tb_behav xil_defaultlib.Core_tb -log elaborate.log"
Vivado Simulator 2019.1
Copyright 1986-1999, 2001-2019 Xilinx, Inc. All Rights Reserved.
Running: C:/Xilinx/Vivado/2019.1/bin/unwrapped/win64.o/xelab.exe -wto b21dbe30756047ff945bb1036337d7a8 --incr --debug typical --relax --mt 2 -L xil_defaultlib -L secureip --snapshot Core_tb_behav xil_defaultlib.Core_tb -log elaborate.log 
Using 2 slave threads.
Starting static elaboration
Completed static elaboration
Starting simulation data flow analysis
Completed simulation data flow analysis
Time Resolution for simulation is 1ps
Compiling package std.standard
Compiling package std.textio
Compiling package ieee.std_logic_1164
Compiling package ieee.numeric_std
Compiling package ieee.std_logic_arith
Compiling package ieee.std_logic_unsigned
Compiling architecture behavioral of entity xil_defaultlib.ALU [alu_default]
Compiling architecture behavioral of entity xil_defaultlib.Control [control_default]
Compiling architecture behavoir of entity xil_defaultlib.Core [core_default]
Compiling architecture bench of entity xil_defaultlib.core_tb
Built simulation snapshot Core_tb_behav
INFO: [USF-XSim-69] 'elaborate' step finished in '2' seconds
Vivado Simulator 2019.1
Time resolution is 1 ps
run: Time (s): cpu = 00:00:08 ; elapsed = 00:00:09 . Memory (MB): peak = 935.418 ; gain = 0.000
relaunch_xsim_kernel: Time (s): cpu = 00:00:09 ; elapsed = 00:00:10 . Memory (MB): peak = 935.418 ; gain = 0.000
relaunch_sim: Time (s): cpu = 00:00:10 ; elapsed = 00:00:15 . Memory (MB): peak = 935.418 ; gain = 0.000
relaunch_sim
INFO: [Vivado 12-5682] Launching behavioral simulation in 'C:/Users/asgei/Desktop/RSA/RSA/RSA.sim/sim_1/behav/xsim'
INFO: [SIM-utils-51] Simulation object is 'sim_1'
INFO: [SIM-utils-54] Inspecting design source files for 'Core_tb' in fileset 'sim_1'...
INFO: [USF-XSim-97] Finding global include files...
INFO: [USF-XSim-98] Fetching design files from 'sim_1'...
INFO: [USF-XSim-2] XSim::Compile design
INFO: [USF-XSim-61] Executing 'COMPILE and ANALYZE' step in 'C:/Users/asgei/Desktop/RSA/RSA/RSA.sim/sim_1/behav/xsim'
"xvhdl --incr --relax -prj Core_tb_vhdl.prj"
INFO: [VRFC 10-163] Analyzing VHDL file "C:/Users/asgei/Desktop/RSA/RSA/RSA.srcs/sim_1/new/core_tb.vhd" into library xil_defaultlib
INFO: [VRFC 10-3107] analyzing entity 'Core_tb'
INFO: [USF-XSim-69] 'compile' step finished in '1' seconds
INFO: [Vivado 12-5682] Launching behavioral simulation in 'C:/Users/asgei/Desktop/RSA/RSA/RSA.sim/sim_1/behav/xsim'
INFO: [USF-XSim-3] XSim::Elaborate design
INFO: [USF-XSim-61] Executing 'ELABORATE' step in 'C:/Users/asgei/Desktop/RSA/RSA/RSA.sim/sim_1/behav/xsim'
"xelab -wto b21dbe30756047ff945bb1036337d7a8 --incr --debug typical --relax --mt 2 -L xil_defaultlib -L secureip --snapshot Core_tb_behav xil_defaultlib.Core_tb -log elaborate.log"
Vivado Simulator 2019.1
Copyright 1986-1999, 2001-2019 Xilinx, Inc. All Rights Reserved.
Running: C:/Xilinx/Vivado/2019.1/bin/unwrapped/win64.o/xelab.exe -wto b21dbe30756047ff945bb1036337d7a8 --incr --debug typical --relax --mt 2 -L xil_defaultlib -L secureip --snapshot Core_tb_behav xil_defaultlib.Core_tb -log elaborate.log 
Using 2 slave threads.
Starting static elaboration
Completed static elaboration
Starting simulation data flow analysis
Completed simulation data flow analysis
Time Resolution for simulation is 1ps
Compiling package std.standard
Compiling package std.textio
Compiling package ieee.std_logic_1164
Compiling package ieee.numeric_std
Compiling package ieee.std_logic_arith
Compiling package ieee.std_logic_unsigned
Compiling architecture behavioral of entity xil_defaultlib.ALU [alu_default]
Compiling architecture behavioral of entity xil_defaultlib.Control [control_default]
Compiling architecture behavoir of entity xil_defaultlib.Core [core_default]
Compiling architecture bench of entity xil_defaultlib.core_tb
Built simulation snapshot Core_tb_behav
INFO: [USF-XSim-69] 'elaborate' step finished in '2' seconds
Vivado Simulator 2019.1
Time resolution is 1 ps
run: Time (s): cpu = 00:00:08 ; elapsed = 00:00:08 . Memory (MB): peak = 935.418 ; gain = 0.000
relaunch_xsim_kernel: Time (s): cpu = 00:00:09 ; elapsed = 00:00:10 . Memory (MB): peak = 935.418 ; gain = 0.000
relaunch_sim: Time (s): cpu = 00:00:09 ; elapsed = 00:00:15 . Memory (MB): peak = 935.418 ; gain = 0.000
relaunch_sim
INFO: [Vivado 12-5682] Launching behavioral simulation in 'C:/Users/asgei/Desktop/RSA/RSA/RSA.sim/sim_1/behav/xsim'
INFO: [SIM-utils-51] Simulation object is 'sim_1'
INFO: [SIM-utils-54] Inspecting design source files for 'Core_tb' in fileset 'sim_1'...
INFO: [USF-XSim-97] Finding global include files...
INFO: [USF-XSim-98] Fetching design files from 'sim_1'...
INFO: [USF-XSim-2] XSim::Compile design
INFO: [USF-XSim-61] Executing 'COMPILE and ANALYZE' step in 'C:/Users/asgei/Desktop/RSA/RSA/RSA.sim/sim_1/behav/xsim'
"xvhdl --incr --relax -prj Core_tb_vhdl.prj"
INFO: [VRFC 10-163] Analyzing VHDL file "C:/Users/asgei/Desktop/RSA/RSA/RSA.srcs/sim_1/new/core_tb.vhd" into library xil_defaultlib
INFO: [VRFC 10-3107] analyzing entity 'Core_tb'
INFO: [USF-XSim-69] 'compile' step finished in '1' seconds
INFO: [Vivado 12-5682] Launching behavioral simulation in 'C:/Users/asgei/Desktop/RSA/RSA/RSA.sim/sim_1/behav/xsim'
INFO: [USF-XSim-3] XSim::Elaborate design
INFO: [USF-XSim-61] Executing 'ELABORATE' step in 'C:/Users/asgei/Desktop/RSA/RSA/RSA.sim/sim_1/behav/xsim'
"xelab -wto b21dbe30756047ff945bb1036337d7a8 --incr --debug typical --relax --mt 2 -L xil_defaultlib -L secureip --snapshot Core_tb_behav xil_defaultlib.Core_tb -log elaborate.log"
Vivado Simulator 2019.1
Copyright 1986-1999, 2001-2019 Xilinx, Inc. All Rights Reserved.
Running: C:/Xilinx/Vivado/2019.1/bin/unwrapped/win64.o/xelab.exe -wto b21dbe30756047ff945bb1036337d7a8 --incr --debug typical --relax --mt 2 -L xil_defaultlib -L secureip --snapshot Core_tb_behav xil_defaultlib.Core_tb -log elaborate.log 
Using 2 slave threads.
Starting static elaboration
Completed static elaboration
Starting simulation data flow analysis
Completed simulation data flow analysis
Time Resolution for simulation is 1ps
Compiling package std.standard
Compiling package std.textio
Compiling package ieee.std_logic_1164
Compiling package ieee.numeric_std
Compiling package ieee.std_logic_arith
Compiling package ieee.std_logic_unsigned
Compiling architecture behavioral of entity xil_defaultlib.ALU [alu_default]
Compiling architecture behavioral of entity xil_defaultlib.Control [control_default]
Compiling architecture behavoir of entity xil_defaultlib.Core [core_default]
Compiling architecture bench of entity xil_defaultlib.core_tb
Built simulation snapshot Core_tb_behav
INFO: [USF-XSim-69] 'elaborate' step finished in '2' seconds
Vivado Simulator 2019.1
Time resolution is 1 ps
run: Time (s): cpu = 00:00:08 ; elapsed = 00:00:08 . Memory (MB): peak = 935.418 ; gain = 0.000
relaunch_xsim_kernel: Time (s): cpu = 00:00:08 ; elapsed = 00:00:10 . Memory (MB): peak = 935.418 ; gain = 0.000
relaunch_sim: Time (s): cpu = 00:00:09 ; elapsed = 00:00:15 . Memory (MB): peak = 935.418 ; gain = 0.000
relaunch_sim
INFO: [Vivado 12-5682] Launching behavioral simulation in 'C:/Users/asgei/Desktop/RSA/RSA/RSA.sim/sim_1/behav/xsim'
INFO: [SIM-utils-51] Simulation object is 'sim_1'
INFO: [SIM-utils-54] Inspecting design source files for 'Core_tb' in fileset 'sim_1'...
INFO: [USF-XSim-97] Finding global include files...
INFO: [USF-XSim-98] Fetching design files from 'sim_1'...
INFO: [USF-XSim-2] XSim::Compile design
INFO: [USF-XSim-61] Executing 'COMPILE and ANALYZE' step in 'C:/Users/asgei/Desktop/RSA/RSA/RSA.sim/sim_1/behav/xsim'
"xvhdl --incr --relax -prj Core_tb_vhdl.prj"
INFO: [VRFC 10-163] Analyzing VHDL file "C:/Users/asgei/Desktop/RSA/RSA/RSA.srcs/sim_1/new/core_tb.vhd" into library xil_defaultlib
INFO: [VRFC 10-3107] analyzing entity 'Core_tb'
INFO: [USF-XSim-69] 'compile' step finished in '1' seconds
INFO: [Vivado 12-5682] Launching behavioral simulation in 'C:/Users/asgei/Desktop/RSA/RSA/RSA.sim/sim_1/behav/xsim'
INFO: [USF-XSim-3] XSim::Elaborate design
INFO: [USF-XSim-61] Executing 'ELABORATE' step in 'C:/Users/asgei/Desktop/RSA/RSA/RSA.sim/sim_1/behav/xsim'
"xelab -wto b21dbe30756047ff945bb1036337d7a8 --incr --debug typical --relax --mt 2 -L xil_defaultlib -L secureip --snapshot Core_tb_behav xil_defaultlib.Core_tb -log elaborate.log"
Vivado Simulator 2019.1
Copyright 1986-1999, 2001-2019 Xilinx, Inc. All Rights Reserved.
Running: C:/Xilinx/Vivado/2019.1/bin/unwrapped/win64.o/xelab.exe -wto b21dbe30756047ff945bb1036337d7a8 --incr --debug typical --relax --mt 2 -L xil_defaultlib -L secureip --snapshot Core_tb_behav xil_defaultlib.Core_tb -log elaborate.log 
Using 2 slave threads.
Starting static elaboration
ERROR: [VRFC 10-664] expression has 264 elements ; expected 256 [C:/Users/asgei/Desktop/RSA/RSA/RSA.srcs/sim_1/new/core_tb.vhd:65]
ERROR: [XSIM 43-3321] Static elaboration of top level VHDL design unit core_tb in library work failed.
INFO: [USF-XSim-69] 'elaborate' step finished in '2' seconds
INFO: [USF-XSim-99] Step results log file:'C:/Users/asgei/Desktop/RSA/RSA/RSA.sim/sim_1/behav/xsim/elaborate.log'
ERROR: [USF-XSim-62] 'elaborate' step failed with error(s). Please check the Tcl console output or 'C:/Users/asgei/Desktop/RSA/RSA/RSA.sim/sim_1/behav/xsim/elaborate.log' file for more information.
ERROR: [Vivado 12-4473] Detected error while running simulation. Please correct the issue and retry this operation.
ERROR: [Common 17-39] 'launch_simulation' failed due to earlier errors.
ERROR: [Common 17-69] Command failed: ERROR: [Common 17-39] 'launch_simulation' failed due to earlier errors.

relaunch_sim
INFO: [Vivado 12-5682] Launching behavioral simulation in 'C:/Users/asgei/Desktop/RSA/RSA/RSA.sim/sim_1/behav/xsim'
INFO: [SIM-utils-51] Simulation object is 'sim_1'
INFO: [SIM-utils-54] Inspecting design source files for 'Core_tb' in fileset 'sim_1'...
INFO: [USF-XSim-97] Finding global include files...
INFO: [USF-XSim-98] Fetching design files from 'sim_1'...
INFO: [USF-XSim-2] XSim::Compile design
INFO: [USF-XSim-61] Executing 'COMPILE and ANALYZE' step in 'C:/Users/asgei/Desktop/RSA/RSA/RSA.sim/sim_1/behav/xsim'
"xvhdl --incr --relax -prj Core_tb_vhdl.prj"
INFO: [VRFC 10-163] Analyzing VHDL file "C:/Users/asgei/Desktop/RSA/RSA/RSA.srcs/sim_1/new/core_tb.vhd" into library xil_defaultlib
INFO: [VRFC 10-3107] analyzing entity 'Core_tb'
INFO: [USF-XSim-69] 'compile' step finished in '1' seconds
INFO: [Vivado 12-5682] Launching behavioral simulation in 'C:/Users/asgei/Desktop/RSA/RSA/RSA.sim/sim_1/behav/xsim'
INFO: [USF-XSim-3] XSim::Elaborate design
INFO: [USF-XSim-61] Executing 'ELABORATE' step in 'C:/Users/asgei/Desktop/RSA/RSA/RSA.sim/sim_1/behav/xsim'
"xelab -wto b21dbe30756047ff945bb1036337d7a8 --incr --debug typical --relax --mt 2 -L xil_defaultlib -L secureip --snapshot Core_tb_behav xil_defaultlib.Core_tb -log elaborate.log"
Vivado Simulator 2019.1
Copyright 1986-1999, 2001-2019 Xilinx, Inc. All Rights Reserved.
Running: C:/Xilinx/Vivado/2019.1/bin/unwrapped/win64.o/xelab.exe -wto b21dbe30756047ff945bb1036337d7a8 --incr --debug typical --relax --mt 2 -L xil_defaultlib -L secureip --snapshot Core_tb_behav xil_defaultlib.Core_tb -log elaborate.log 
Using 2 slave threads.
Starting static elaboration
Completed static elaboration
Starting simulation data flow analysis
Completed simulation data flow analysis
Time Resolution for simulation is 1ps
Compiling package std.standard
Compiling package std.textio
Compiling package ieee.std_logic_1164
Compiling package ieee.numeric_std
Compiling package ieee.std_logic_arith
Compiling package ieee.std_logic_unsigned
Compiling architecture behavioral of entity xil_defaultlib.ALU [alu_default]
Compiling architecture behavioral of entity xil_defaultlib.Control [control_default]
Compiling architecture behavoir of entity xil_defaultlib.Core [core_default]
Compiling architecture bench of entity xil_defaultlib.core_tb
Built simulation snapshot Core_tb_behav
INFO: [USF-XSim-69] 'elaborate' step finished in '2' seconds
Vivado Simulator 2019.1
Time resolution is 1 ps
run: Time (s): cpu = 00:00:07 ; elapsed = 00:00:08 . Memory (MB): peak = 935.418 ; gain = 0.000
relaunch_xsim_kernel: Time (s): cpu = 00:00:07 ; elapsed = 00:00:09 . Memory (MB): peak = 935.418 ; gain = 0.000
relaunch_sim: Time (s): cpu = 00:00:08 ; elapsed = 00:00:12 . Memory (MB): peak = 935.418 ; gain = 0.000
relaunch_sim
INFO: [Vivado 12-5682] Launching behavioral simulation in 'C:/Users/asgei/Desktop/RSA/RSA/RSA.sim/sim_1/behav/xsim'
INFO: [SIM-utils-51] Simulation object is 'sim_1'
INFO: [SIM-utils-54] Inspecting design source files for 'Core_tb' in fileset 'sim_1'...
INFO: [USF-XSim-97] Finding global include files...
INFO: [USF-XSim-98] Fetching design files from 'sim_1'...
INFO: [USF-XSim-2] XSim::Compile design
INFO: [USF-XSim-61] Executing 'COMPILE and ANALYZE' step in 'C:/Users/asgei/Desktop/RSA/RSA/RSA.sim/sim_1/behav/xsim'
"xvhdl --incr --relax -prj Core_tb_vhdl.prj"
INFO: [VRFC 10-163] Analyzing VHDL file "C:/Users/asgei/Desktop/RSA/RSA/RSA.srcs/sim_1/new/core_tb.vhd" into library xil_defaultlib
INFO: [VRFC 10-3107] analyzing entity 'Core_tb'
INFO: [USF-XSim-69] 'compile' step finished in '2' seconds
INFO: [Vivado 12-5682] Launching behavioral simulation in 'C:/Users/asgei/Desktop/RSA/RSA/RSA.sim/sim_1/behav/xsim'
INFO: [USF-XSim-3] XSim::Elaborate design
INFO: [USF-XSim-61] Executing 'ELABORATE' step in 'C:/Users/asgei/Desktop/RSA/RSA/RSA.sim/sim_1/behav/xsim'
"xelab -wto b21dbe30756047ff945bb1036337d7a8 --incr --debug typical --relax --mt 2 -L xil_defaultlib -L secureip --snapshot Core_tb_behav xil_defaultlib.Core_tb -log elaborate.log"
Vivado Simulator 2019.1
Copyright 1986-1999, 2001-2019 Xilinx, Inc. All Rights Reserved.
Running: C:/Xilinx/Vivado/2019.1/bin/unwrapped/win64.o/xelab.exe -wto b21dbe30756047ff945bb1036337d7a8 --incr --debug typical --relax --mt 2 -L xil_defaultlib -L secureip --snapshot Core_tb_behav xil_defaultlib.Core_tb -log elaborate.log 
Using 2 slave threads.
Starting static elaboration
Completed static elaboration
Starting simulation data flow analysis
Completed simulation data flow analysis
Time Resolution for simulation is 1ps
Compiling package std.standard
Compiling package std.textio
Compiling package ieee.std_logic_1164
Compiling package ieee.numeric_std
Compiling package ieee.std_logic_arith
Compiling package ieee.std_logic_unsigned
Compiling architecture behavioral of entity xil_defaultlib.ALU [alu_default]
Compiling architecture behavioral of entity xil_defaultlib.Control [control_default]
Compiling architecture behavoir of entity xil_defaultlib.Core [core_default]
Compiling architecture bench of entity xil_defaultlib.core_tb
Built simulation snapshot Core_tb_behav
INFO: [USF-XSim-69] 'elaborate' step finished in '2' seconds
Vivado Simulator 2019.1
Time resolution is 1 ps
run: Time (s): cpu = 00:00:09 ; elapsed = 00:00:10 . Memory (MB): peak = 935.418 ; gain = 0.000
relaunch_xsim_kernel: Time (s): cpu = 00:00:10 ; elapsed = 00:00:12 . Memory (MB): peak = 935.418 ; gain = 0.000
relaunch_sim: Time (s): cpu = 00:00:10 ; elapsed = 00:00:17 . Memory (MB): peak = 935.418 ; gain = 0.000
