#-----------------------------------------------------------
# Vivado v2019.1 (64-bit)
# SW Build 2552052 on Fri May 24 14:49:42 MDT 2019
# IP Build 2548770 on Fri May 24 18:01:18 MDT 2019
# Start of session at: Thu Oct 24 14:26:39 2019
# Process ID: 1512
# Current directory: C:/Users/asgei/Desktop/RSA
# Command line: vivado.exe -gui_launcher_event rodinguilauncherevent7932 C:\Users\asgei\Desktop\RSA\RSA.xpr
# Log file: C:/Users/asgei/Desktop/RSA/vivado.log
# Journal file: C:/Users/asgei/Desktop/RSA\vivado.jou
#-----------------------------------------------------------
start_gui
open_project C:/Users/asgei/Desktop/RSA/RSA.xpr
INFO: [Project 1-313] Project file moved from 'C:/Users/student/RSA' since last save.
Scanning sources...
Finished scanning sources
INFO: [IP_Flow 19-234] Refreshing IP repositories
INFO: [IP_Flow 19-1704] No user IP repositories specified
INFO: [IP_Flow 19-2313] Loaded Vivado IP repository 'C:/Xilinx/Vivado/2019.1/data/ip'.
open_project: Time (s): cpu = 00:00:18 ; elapsed = 00:00:12 . Memory (MB): peak = 686.992 ; gain = 92.418
update_compile_order -fileset sources_1
exit
INFO: [Common 17-206] Exiting Vivado at Thu Oct 24 14:29:53 2019...
