#-----------------------------------------------------------
# Vivado v2019.1.2 (64-bit)
# SW Build 2615518 on Fri Aug  9 15:55:25 MDT 2019
# IP Build 2614745 on Fri Aug  9 20:55:02 MDT 2019
# Start of session at: Mon Oct 28 20:10:32 2019
# Process ID: 1164
# Current directory: C:/Users/student/Documents/RSA/RSA
# Command line: vivado.exe -gui_launcher_event rodinguilauncherevent10656 C:\Users\student\Documents\RSA\RSA\RSA.xpr
# Log file: C:/Users/student/Documents/RSA/RSA/vivado.log
# Journal file: C:/Users/student/Documents/RSA/RSA\vivado.jou
#-----------------------------------------------------------
start_gui
open_project C:/Users/student/Documents/RSA/RSA/RSA.xpr
Scanning sources...
Finished scanning sources
INFO: [IP_Flow 19-234] Refreshing IP repositories
INFO: [IP_Flow 19-1704] No user IP repositories specified
INFO: [IP_Flow 19-2313] Loaded Vivado IP repository 'C:/Xilinx/Vivado/2019.1/data/ip'.
update_compile_order -fileset sources_1
launch_simulation
boost::filesystem::remove: Prosessen får ikke tilgang til filen fordi den brukes av en annen prosess: "C:/Users/student/Documents/RSA/RSA/RSA.sim/sim_1/behav/xsim/simulate.log"
launch_simulation
boost::filesystem::remove: Prosessen får ikke tilgang til filen fordi den brukes av en annen prosess: "C:/Users/student/Documents/RSA/RSA/RSA.sim/sim_1/behav/xsim/simulate.log"
exit
INFO: [Common 17-206] Exiting Vivado at Mon Oct 28 20:14:15 2019...
