#-----------------------------------------------------------
# Vivado v2019.1 (64-bit)
# SW Build 2552052 on Fri May 24 14:49:42 MDT 2019
# IP Build 2548770 on Fri May 24 18:01:18 MDT 2019
# Start of session at: Thu Oct 24 15:39:30 2019
# Process ID: 5700
# Current directory: C:/Users/asgei/Desktop/RSA/RSA
# Command line: vivado.exe -gui_launcher_event rodinguilauncherevent9056 C:\Users\asgei\Desktop\RSA\RSA\RSA.xpr
# Log file: C:/Users/asgei/Desktop/RSA/RSA/vivado.log
# Journal file: C:/Users/asgei/Desktop/RSA/RSA\vivado.jou
#-----------------------------------------------------------
start_gui
open_project C:/Users/asgei/Desktop/RSA/RSA/RSA.xpr
Scanning sources...
Finished scanning sources
INFO: [IP_Flow 19-234] Refreshing IP repositories
INFO: [IP_Flow 19-1704] No user IP repositories specified
INFO: [IP_Flow 19-2313] Loaded Vivado IP repository 'C:/Xilinx/Vivado/2019.1/data/ip'.
open_project: Time (s): cpu = 00:00:16 ; elapsed = 00:00:09 . Memory (MB): peak = 685.941 ; gain = 110.391
update_compile_order -fileset sources_1
launch_simulation
INFO: [Vivado 12-5682] Launching behavioral simulation in 'C:/Users/asgei/Desktop/RSA/RSA/RSA.sim/sim_1/behav/xsim'
INFO: [SIM-utils-51] Simulation object is 'sim_1'
INFO: [SIM-utils-54] Inspecting design source files for 'Core' in fileset 'sim_1'...
INFO: [USF-XSim-97] Finding global include files...
INFO: [USF-XSim-98] Fetching design files from 'sim_1'...
INFO: [USF-XSim-2] XSim::Compile design
INFO: [USF-XSim-61] Executing 'COMPILE and ANALYZE' step in 'C:/Users/asgei/Desktop/RSA/RSA/RSA.sim/sim_1/behav/xsim'
"xvhdl --incr --relax -prj Core_vhdl.prj"
INFO: [VRFC 10-163] Analyzing VHDL file "C:/Users/asgei/Desktop/RSA/RSA/RSA.srcs/sources_1/new/MUX.vhd" into library xil_defaultlib
INFO: [VRFC 10-3107] analyzing entity 'MUX'
INFO: [VRFC 10-163] Analyzing VHDL file "C:/Users/asgei/Desktop/RSA/RSA/RSA.srcs/sources_1/new/Core.vhd" into library xil_defaultlib
INFO: [VRFC 10-3107] analyzing entity 'Core'
ERROR: [VRFC 10-2989] 'alu_inst' is not declared [C:/Users/asgei/Desktop/RSA/RSA/RSA.srcs/sources_1/new/Core.vhd:112]
ERROR: [VRFC 10-2989] 'alu_output' is not declared [C:/Users/asgei/Desktop/RSA/RSA/RSA.srcs/sources_1/new/Core.vhd:113]
ERROR: [VRFC 10-3095] actual of formal out port 'alu_output' cannot be an expression [C:/Users/asgei/Desktop/RSA/RSA/RSA.srcs/sources_1/new/Core.vhd:113]
ERROR: [VRFC 10-2989] 'cmp_flag' is not declared [C:/Users/asgei/Desktop/RSA/RSA/RSA.srcs/sources_1/new/Core.vhd:114]
ERROR: [VRFC 10-3095] actual of formal out port 'cmp_flag' cannot be an expression [C:/Users/asgei/Desktop/RSA/RSA/RSA.srcs/sources_1/new/Core.vhd:114]
ERROR: [VRFC 10-1253] positional association cannot follow named association [C:/Users/asgei/Desktop/RSA/RSA/RSA.srcs/sources_1/new/Core.vhd:115]
ERROR: [VRFC 10-3782] unit 'alu' ignored due to previous errors [C:/Users/asgei/Desktop/RSA/RSA/RSA.srcs/sources_1/new/Core.vhd:107]
ERROR: [VRFC 10-2989] 'a' is not declared [C:/Users/asgei/Desktop/RSA/RSA/RSA.srcs/sources_1/new/Core.vhd:127]
ERROR: [VRFC 10-2989] 'b' is not declared [C:/Users/asgei/Desktop/RSA/RSA/RSA.srcs/sources_1/new/Core.vhd:128]
ERROR: [VRFC 10-2989] 'c' is not declared [C:/Users/asgei/Desktop/RSA/RSA/RSA.srcs/sources_1/new/Core.vhd:129]
ERROR: [VRFC 10-2989] 'd' is not declared [C:/Users/asgei/Desktop/RSA/RSA/RSA.srcs/sources_1/new/Core.vhd:130]
ERROR: [VRFC 10-2989] 'e' is not declared [C:/Users/asgei/Desktop/RSA/RSA/RSA.srcs/sources_1/new/Core.vhd:131]
ERROR: [VRFC 10-2989] 'f' is not declared [C:/Users/asgei/Desktop/RSA/RSA/RSA.srcs/sources_1/new/Core.vhd:132]
ERROR: [VRFC 10-2989] 'g' is not declared [C:/Users/asgei/Desktop/RSA/RSA/RSA.srcs/sources_1/new/Core.vhd:133]
ERROR: [VRFC 10-2989] 'h' is not declared [C:/Users/asgei/Desktop/RSA/RSA/RSA.srcs/sources_1/new/Core.vhd:134]
ERROR: [VRFC 10-2989] 'i' is not declared [C:/Users/asgei/Desktop/RSA/RSA/RSA.srcs/sources_1/new/Core.vhd:135]
ERROR: [VRFC 10-2989] 'j' is not declared [C:/Users/asgei/Desktop/RSA/RSA/RSA.srcs/sources_1/new/Core.vhd:136]
ERROR: [VRFC 10-2989] 'k' is not declared [C:/Users/asgei/Desktop/RSA/RSA/RSA.srcs/sources_1/new/Core.vhd:137]
ERROR: [VRFC 10-2989] 'l' is not declared [C:/Users/asgei/Desktop/RSA/RSA/RSA.srcs/sources_1/new/Core.vhd:138]
INFO: [#UNDEF] Sorry, too many errors..
INFO: [USF-XSim-69] 'compile' step finished in '2' seconds
INFO: [USF-XSim-99] Step results log file:'C:/Users/asgei/Desktop/RSA/RSA/RSA.sim/sim_1/behav/xsim/xvhdl.log'
ERROR: [USF-XSim-62] 'compile' step failed with error(s). Please check the Tcl console output or 'C:/Users/asgei/Desktop/RSA/RSA/RSA.sim/sim_1/behav/xsim/xvhdl.log' file for more information.
ERROR: [Vivado 12-4473] Detected error while running simulation. Please correct the issue and retry this operation.
ERROR: [Common 17-39] 'launch_simulation' failed due to earlier errors.
update_compile_order -fileset sources_1
update_compile_order -fileset sim_1
update_compile_order -fileset sources_1
update_compile_order -fileset sources_1
update_compile_order -fileset sources_1
update_compile_order -fileset sources_1
update_compile_order -fileset sources_1
update_compile_order -fileset sources_1
update_compile_order -fileset sources_1
close [ open C:/Users/asgei/Desktop/RSA/RSA/RSA.srcs/sources_1/new/Control.vhd w ]
add_files C:/Users/asgei/Desktop/RSA/RSA/RSA.srcs/sources_1/new/Control.vhd
update_compile_order -fileset sources_1
update_compile_order -fileset sources_1
update_compile_order -fileset sources_1
update_compile_order -fileset sources_1
update_compile_order -fileset sources_1
set_property is_enabled false [get_files  C:/Users/asgei/Desktop/RSA/RSA/RSA.srcs/sources_1/new/MUX.vhd]
move_files -fileset sim_1 [get_files  C:/Users/asgei/Desktop/RSA/RSA/RSA.srcs/sources_1/new/Core.vhd]
move_files [get_files  C:/Users/asgei/Desktop/RSA/RSA/RSA.srcs/sources_1/new/Core.vhd]
update_compile_order -fileset sim_1
launch_simulation
INFO: [Vivado 12-5682] Launching behavioral simulation in 'C:/Users/asgei/Desktop/RSA/RSA/RSA.sim/sim_1/behav/xsim'
INFO: [SIM-utils-51] Simulation object is 'sim_1'
INFO: [SIM-utils-54] Inspecting design source files for 'Core' in fileset 'sim_1'...
INFO: [USF-XSim-97] Finding global include files...
INFO: [USF-XSim-98] Fetching design files from 'sim_1'...
INFO: [USF-XSim-2] XSim::Compile design
INFO: [USF-XSim-61] Executing 'COMPILE and ANALYZE' step in 'C:/Users/asgei/Desktop/RSA/RSA/RSA.sim/sim_1/behav/xsim'
"xvhdl --incr --relax -prj Core_vhdl.prj"
INFO: [VRFC 10-163] Analyzing VHDL file "C:/Users/asgei/Desktop/RSA/RSA/RSA.srcs/sources_1/new/ALU.vhd" into library xil_defaultlib
INFO: [VRFC 10-3107] analyzing entity 'ALU'
INFO: [VRFC 10-163] Analyzing VHDL file "C:/Users/asgei/Desktop/RSA/RSA/RSA.srcs/sources_1/new/Control.vhd" into library xil_defaultlib
INFO: [VRFC 10-3107] analyzing entity 'Control'
INFO: [VRFC 10-163] Analyzing VHDL file "C:/Users/asgei/Desktop/RSA/RSA/RSA.srcs/sources_1/new/Core.vhd" into library xil_defaultlib
INFO: [VRFC 10-3107] analyzing entity 'Core'
INFO: [USF-XSim-69] 'compile' step finished in '2' seconds
INFO: [USF-XSim-3] XSim::Elaborate design
INFO: [USF-XSim-61] Executing 'ELABORATE' step in 'C:/Users/asgei/Desktop/RSA/RSA/RSA.sim/sim_1/behav/xsim'
"xelab -wto b21dbe30756047ff945bb1036337d7a8 --incr --debug typical --relax --mt 2 -L xil_defaultlib -L secureip --snapshot Core_behav xil_defaultlib.Core -log elaborate.log"
Vivado Simulator 2019.1
Copyright 1986-1999, 2001-2019 Xilinx, Inc. All Rights Reserved.
Running: C:/Xilinx/Vivado/2019.1/bin/unwrapped/win64.o/xelab.exe -wto b21dbe30756047ff945bb1036337d7a8 --incr --debug typical --relax --mt 2 -L xil_defaultlib -L secureip --snapshot Core_behav xil_defaultlib.Core -log elaborate.log 
Using 2 slave threads.
Starting static elaboration
ERROR: [VRFC 10-494] choice "0000" should have 8 elements [C:/Users/asgei/Desktop/RSA/RSA/RSA.srcs/sources_1/new/Control.vhd:95]
ERROR: [VRFC 10-494] choice "0001" should have 8 elements [C:/Users/asgei/Desktop/RSA/RSA/RSA.srcs/sources_1/new/Control.vhd:100]
ERROR: [XSIM 43-3321] Static elaboration of top level VHDL design unit core in library work failed.
INFO: [USF-XSim-69] 'elaborate' step finished in '2' seconds
INFO: [USF-XSim-99] Step results log file:'C:/Users/asgei/Desktop/RSA/RSA/RSA.sim/sim_1/behav/xsim/elaborate.log'
ERROR: [USF-XSim-62] 'elaborate' step failed with error(s). Please check the Tcl console output or 'C:/Users/asgei/Desktop/RSA/RSA/RSA.sim/sim_1/behav/xsim/elaborate.log' file for more information.
ERROR: [Vivado 12-4473] Detected error while running simulation. Please correct the issue and retry this operation.
ERROR: [Common 17-39] 'launch_simulation' failed due to earlier errors.
launch_simulation
INFO: [Vivado 12-5682] Launching behavioral simulation in 'C:/Users/asgei/Desktop/RSA/RSA/RSA.sim/sim_1/behav/xsim'
INFO: [SIM-utils-51] Simulation object is 'sim_1'
INFO: [SIM-utils-54] Inspecting design source files for 'Core' in fileset 'sim_1'...
INFO: [USF-XSim-97] Finding global include files...
INFO: [USF-XSim-98] Fetching design files from 'sim_1'...
INFO: [USF-XSim-2] XSim::Compile design
INFO: [USF-XSim-61] Executing 'COMPILE and ANALYZE' step in 'C:/Users/asgei/Desktop/RSA/RSA/RSA.sim/sim_1/behav/xsim'
"xvhdl --incr --relax -prj Core_vhdl.prj"
INFO: [VRFC 10-163] Analyzing VHDL file "C:/Users/asgei/Desktop/RSA/RSA/RSA.srcs/sources_1/new/Control.vhd" into library xil_defaultlib
INFO: [VRFC 10-3107] analyzing entity 'Control'
INFO: [VRFC 10-163] Analyzing VHDL file "C:/Users/asgei/Desktop/RSA/RSA/RSA.srcs/sources_1/new/Core.vhd" into library xil_defaultlib
INFO: [VRFC 10-3107] analyzing entity 'Core'
INFO: [USF-XSim-69] 'compile' step finished in '2' seconds
INFO: [USF-XSim-3] XSim::Elaborate design
INFO: [USF-XSim-61] Executing 'ELABORATE' step in 'C:/Users/asgei/Desktop/RSA/RSA/RSA.sim/sim_1/behav/xsim'
"xelab -wto b21dbe30756047ff945bb1036337d7a8 --incr --debug typical --relax --mt 2 -L xil_defaultlib -L secureip --snapshot Core_behav xil_defaultlib.Core -log elaborate.log"
Vivado Simulator 2019.1
Copyright 1986-1999, 2001-2019 Xilinx, Inc. All Rights Reserved.
Running: C:/Xilinx/Vivado/2019.1/bin/unwrapped/win64.o/xelab.exe -wto b21dbe30756047ff945bb1036337d7a8 --incr --debug typical --relax --mt 2 -L xil_defaultlib -L secureip --snapshot Core_behav xil_defaultlib.Core -log elaborate.log 
Using 2 slave threads.
Starting static elaboration
Completed static elaboration
Starting simulation data flow analysis
Completed simulation data flow analysis
Time Resolution for simulation is 1ps
Compiling package std.standard
Compiling package std.textio
Compiling package ieee.std_logic_1164
Compiling package ieee.std_logic_arith
Compiling package ieee.std_logic_unsigned
Compiling package ieee.numeric_std
Compiling architecture behavioral of entity xil_defaultlib.Control [control_default]
Compiling architecture control of entity xil_defaultlib.core
Built simulation snapshot Core_behav
INFO: [Common 17-41] Interrupt caught. Command should exit soon.

****** Webtalk v2019.1 (64-bit)
  **** SW Build 2552052 on Fri May 24 14:49:42 MDT 2019
  **** IP Build 2548770 on Fri May 24 18:01:18 MDT 2019
    ** Copyright 1986-2019 Xilinx, Inc. All Rights Reserved.

source C:/Users/asgei/Desktop/RSA/RSA/RSA.sim/sim_1/behav/xsim/xsim.dir/Core_behav/webtalk/xsim_webtalk.tcl -notrace
run_program: Time (s): cpu = 00:00:01 ; elapsed = 00:00:06 . Memory (MB): peak = 1204.063 ; gain = 0.000
INFO: [Common 17-344] 'run_program' was cancelled
INFO: [Vivado 12-5357] 'elaborate' step aborted
launch_simulation: Time (s): cpu = 00:00:01 ; elapsed = 00:00:07 . Memory (MB): peak = 1204.063 ; gain = 0.000
INFO: [Common 17-344] 'launch_simulation' was cancelled
launch_simulation
INFO: [Vivado 12-5682] Launching behavioral simulation in 'C:/Users/asgei/Desktop/RSA/RSA/RSA.sim/sim_1/behav/xsim'
INFO: [SIM-utils-51] Simulation object is 'sim_1'
INFO: [SIM-utils-54] Inspecting design source files for 'Core' in fileset 'sim_1'...
INFO: [USF-XSim-97] Finding global include files...
INFO: [USF-XSim-98] Fetching design files from 'sim_1'...
INFO: [USF-XSim-2] XSim::Compile design
INFO: [USF-XSim-61] Executing 'COMPILE and ANALYZE' step in 'C:/Users/asgei/Desktop/RSA/RSA/RSA.sim/sim_1/behav/xsim'
"xvhdl --incr --relax -prj Core_vhdl.prj"
INFO: [USF-XSim-69] 'compile' step finished in '1' seconds
INFO: [USF-XSim-3] XSim::Elaborate design
INFO: [USF-XSim-61] Executing 'ELABORATE' step in 'C:/Users/asgei/Desktop/RSA/RSA/RSA.sim/sim_1/behav/xsim'
"xelab -wto b21dbe30756047ff945bb1036337d7a8 --incr --debug typical --relax --mt 2 -L xil_defaultlib -L secureip --snapshot Core_behav xil_defaultlib.Core -log elaborate.log"
Vivado Simulator 2019.1
Copyright 1986-1999, 2001-2019 Xilinx, Inc. All Rights Reserved.
Running: C:/Xilinx/Vivado/2019.1/bin/unwrapped/win64.o/xelab.exe -wto b21dbe30756047ff945bb1036337d7a8 --incr --debug typical --relax --mt 2 -L xil_defaultlib -L secureip --snapshot Core_behav xil_defaultlib.Core -log elaborate.log 
Using 2 slave threads.
Starting static elaboration
Completed static elaboration
INFO: [XSIM 43-4323] No Change in HDL. Linking previously generated obj files to create kernel
INFO: [USF-XSim-69] 'elaborate' step finished in '1' seconds
INFO: [USF-XSim-4] XSim::Simulate design
INFO: [USF-XSim-61] Executing 'SIMULATE' step in 'C:/Users/asgei/Desktop/RSA/RSA/RSA.sim/sim_1/behav/xsim'
INFO: [USF-XSim-98] *** Running xsim
   with args "Core_behav -key {Behavioral:sim_1:Functional:Core} -tclbatch {Core.tcl} -log {simulate.log}"
INFO: [USF-XSim-8] Loading simulator feature
Vivado Simulator 2019.1
Time resolution is 1 ps
source Core.tcl
# set curr_wave [current_wave_config]
# if { [string length $curr_wave] == 0 } {
#   if { [llength [get_objects]] > 0} {
#     add_wave /
#     set_property needs_save false [current_wave_config]
#   } else {
#      send_msg_id Add_Wave-1 WARNING "No top level signals found. Simulator will start without a wave window. If you want to open a wave window go to 'File->New Waveform Configuration' or type 'create_wave_config' in the TCL console."
#   }
# }
# run 1000ns
INFO: [USF-XSim-96] XSim completed. Design snapshot 'Core_behav' loaded.
INFO: [USF-XSim-97] XSim simulation ran for 1000ns
launch_simulation: Time (s): cpu = 00:00:09 ; elapsed = 00:00:08 . Memory (MB): peak = 1227.270 ; gain = 23.207
close_sim
INFO: [Simtcl 6-16] Simulation closed
close_sim: Time (s): cpu = 00:00:02 ; elapsed = 00:00:07 . Memory (MB): peak = 1228.945 ; gain = 0.000
launch_simulation
INFO: [Vivado 12-5682] Launching behavioral simulation in 'C:/Users/asgei/Desktop/RSA/RSA/RSA.sim/sim_1/behav/xsim'
INFO: [SIM-utils-51] Simulation object is 'sim_1'
INFO: [SIM-utils-54] Inspecting design source files for 'Core' in fileset 'sim_1'...
INFO: [USF-XSim-97] Finding global include files...
INFO: [USF-XSim-98] Fetching design files from 'sim_1'...
INFO: [USF-XSim-2] XSim::Compile design
INFO: [USF-XSim-61] Executing 'COMPILE and ANALYZE' step in 'C:/Users/asgei/Desktop/RSA/RSA/RSA.sim/sim_1/behav/xsim'
"xvhdl --incr --relax -prj Core_vhdl.prj"
INFO: [USF-XSim-69] 'compile' step finished in '1' seconds
INFO: [USF-XSim-3] XSim::Elaborate design
INFO: [USF-XSim-61] Executing 'ELABORATE' step in 'C:/Users/asgei/Desktop/RSA/RSA/RSA.sim/sim_1/behav/xsim'
"xelab -wto b21dbe30756047ff945bb1036337d7a8 --incr --debug typical --relax --mt 2 -L xil_defaultlib -L secureip --snapshot Core_behav xil_defaultlib.Core -log elaborate.log"
Vivado Simulator 2019.1
Copyright 1986-1999, 2001-2019 Xilinx, Inc. All Rights Reserved.
Running: C:/Xilinx/Vivado/2019.1/bin/unwrapped/win64.o/xelab.exe -wto b21dbe30756047ff945bb1036337d7a8 --incr --debug typical --relax --mt 2 -L xil_defaultlib -L secureip --snapshot Core_behav xil_defaultlib.Core -log elaborate.log 
Using 2 slave threads.
Starting static elaboration
Completed static elaboration
INFO: [XSIM 43-4323] No Change in HDL. Linking previously generated obj files to create kernel
INFO: [USF-XSim-69] 'elaborate' step finished in '2' seconds
INFO: [USF-XSim-4] XSim::Simulate design
INFO: [USF-XSim-61] Executing 'SIMULATE' step in 'C:/Users/asgei/Desktop/RSA/RSA/RSA.sim/sim_1/behav/xsim'
INFO: [USF-XSim-98] *** Running xsim
   with args "Core_behav -key {Behavioral:sim_1:Functional:Core} -tclbatch {Core.tcl} -log {simulate.log}"
INFO: [USF-XSim-8] Loading simulator feature
Vivado Simulator 2019.1
Time resolution is 1 ps
source Core.tcl
# set curr_wave [current_wave_config]
# if { [string length $curr_wave] == 0 } {
#   if { [llength [get_objects]] > 0} {
#     add_wave /
#     set_property needs_save false [current_wave_config]
#   } else {
#      send_msg_id Add_Wave-1 WARNING "No top level signals found. Simulator will start without a wave window. If you want to open a wave window go to 'File->New Waveform Configuration' or type 'create_wave_config' in the TCL console."
#   }
# }
# run 1000ns
INFO: [USF-XSim-96] XSim completed. Design snapshot 'Core_behav' loaded.
INFO: [USF-XSim-97] XSim simulation ran for 1000ns
launch_simulation: Time (s): cpu = 00:00:07 ; elapsed = 00:00:08 . Memory (MB): peak = 1228.945 ; gain = 0.000
close_sim
INFO: [Simtcl 6-16] Simulation closed
launch_simulation
INFO: [Vivado 12-5682] Launching behavioral simulation in 'C:/Users/asgei/Desktop/RSA/RSA/RSA.sim/sim_1/behav/xsim'
INFO: [SIM-utils-51] Simulation object is 'sim_1'
INFO: [SIM-utils-54] Inspecting design source files for 'Core' in fileset 'sim_1'...
INFO: [USF-XSim-97] Finding global include files...
INFO: [USF-XSim-98] Fetching design files from 'sim_1'...
INFO: [USF-XSim-2] XSim::Compile design
INFO: [USF-XSim-61] Executing 'COMPILE and ANALYZE' step in 'C:/Users/asgei/Desktop/RSA/RSA/RSA.sim/sim_1/behav/xsim'
"xvhdl --incr --relax -prj Core_vhdl.prj"
INFO: [VRFC 10-163] Analyzing VHDL file "C:/Users/asgei/Desktop/RSA/RSA/RSA.srcs/sources_1/new/Control.vhd" into library xil_defaultlib
INFO: [VRFC 10-3107] analyzing entity 'Control'
INFO: [VRFC 10-163] Analyzing VHDL file "C:/Users/asgei/Desktop/RSA/RSA/RSA.srcs/sources_1/new/Core.vhd" into library xil_defaultlib
INFO: [VRFC 10-3107] analyzing entity 'Core'
INFO: [USF-XSim-69] 'compile' step finished in '2' seconds
INFO: [USF-XSim-3] XSim::Elaborate design
INFO: [USF-XSim-61] Executing 'ELABORATE' step in 'C:/Users/asgei/Desktop/RSA/RSA/RSA.sim/sim_1/behav/xsim'
"xelab -wto b21dbe30756047ff945bb1036337d7a8 --incr --debug typical --relax --mt 2 -L xil_defaultlib -L secureip --snapshot Core_behav xil_defaultlib.Core -log elaborate.log"
Vivado Simulator 2019.1
Copyright 1986-1999, 2001-2019 Xilinx, Inc. All Rights Reserved.
Running: C:/Xilinx/Vivado/2019.1/bin/unwrapped/win64.o/xelab.exe -wto b21dbe30756047ff945bb1036337d7a8 --incr --debug typical --relax --mt 2 -L xil_defaultlib -L secureip --snapshot Core_behav xil_defaultlib.Core -log elaborate.log 
Using 2 slave threads.
Starting static elaboration
Completed static elaboration
Starting simulation data flow analysis
Completed simulation data flow analysis
Time Resolution for simulation is 1ps
Compiling package std.standard
Compiling package std.textio
Compiling package ieee.std_logic_1164
Compiling package ieee.std_logic_arith
Compiling package ieee.std_logic_unsigned
Compiling package ieee.numeric_std
Compiling architecture behavioral of entity xil_defaultlib.Control [control_default]
Compiling architecture control of entity xil_defaultlib.core
Built simulation snapshot Core_behav
INFO: [USF-XSim-69] 'elaborate' step finished in '1' seconds
INFO: [USF-XSim-4] XSim::Simulate design
INFO: [USF-XSim-61] Executing 'SIMULATE' step in 'C:/Users/asgei/Desktop/RSA/RSA/RSA.sim/sim_1/behav/xsim'
INFO: [USF-XSim-98] *** Running xsim
   with args "Core_behav -key {Behavioral:sim_1:Functional:Core} -tclbatch {Core.tcl} -log {simulate.log}"
INFO: [USF-XSim-8] Loading simulator feature
Vivado Simulator 2019.1
Time resolution is 1 ps
source Core.tcl
# set curr_wave [current_wave_config]
# if { [string length $curr_wave] == 0 } {
#   if { [llength [get_objects]] > 0} {
#     add_wave /
#     set_property needs_save false [current_wave_config]
#   } else {
#      send_msg_id Add_Wave-1 WARNING "No top level signals found. Simulator will start without a wave window. If you want to open a wave window go to 'File->New Waveform Configuration' or type 'create_wave_config' in the TCL console."
#   }
# }
# run 1000ns
INFO: [USF-XSim-96] XSim completed. Design snapshot 'Core_behav' loaded.
INFO: [USF-XSim-97] XSim simulation ran for 1000ns
launch_simulation: Time (s): cpu = 00:00:05 ; elapsed = 00:00:07 . Memory (MB): peak = 1228.945 ; gain = 0.000
close_sim
INFO: [Simtcl 6-16] Simulation closed
launch_simulation
INFO: [Vivado 12-5682] Launching behavioral simulation in 'C:/Users/asgei/Desktop/RSA/RSA/RSA.sim/sim_1/behav/xsim'
INFO: [SIM-utils-51] Simulation object is 'sim_1'
INFO: [SIM-utils-54] Inspecting design source files for 'Core' in fileset 'sim_1'...
INFO: [USF-XSim-97] Finding global include files...
INFO: [USF-XSim-98] Fetching design files from 'sim_1'...
INFO: [USF-XSim-2] XSim::Compile design
INFO: [USF-XSim-61] Executing 'COMPILE and ANALYZE' step in 'C:/Users/asgei/Desktop/RSA/RSA/RSA.sim/sim_1/behav/xsim'
"xvhdl --incr --relax -prj Core_vhdl.prj"
INFO: [USF-XSim-69] 'compile' step finished in '1' seconds
INFO: [USF-XSim-3] XSim::Elaborate design
INFO: [USF-XSim-61] Executing 'ELABORATE' step in 'C:/Users/asgei/Desktop/RSA/RSA/RSA.sim/sim_1/behav/xsim'
"xelab -wto b21dbe30756047ff945bb1036337d7a8 --incr --debug typical --relax --mt 2 -L xil_defaultlib -L secureip --snapshot Core_behav xil_defaultlib.Core -log elaborate.log"
Vivado Simulator 2019.1
Copyright 1986-1999, 2001-2019 Xilinx, Inc. All Rights Reserved.
Running: C:/Xilinx/Vivado/2019.1/bin/unwrapped/win64.o/xelab.exe -wto b21dbe30756047ff945bb1036337d7a8 --incr --debug typical --relax --mt 2 -L xil_defaultlib -L secureip --snapshot Core_behav xil_defaultlib.Core -log elaborate.log 
Using 2 slave threads.
Starting static elaboration
Completed static elaboration
INFO: [XSIM 43-4323] No Change in HDL. Linking previously generated obj files to create kernel
INFO: [USF-XSim-69] 'elaborate' step finished in '1' seconds
INFO: [USF-XSim-4] XSim::Simulate design
INFO: [USF-XSim-61] Executing 'SIMULATE' step in 'C:/Users/asgei/Desktop/RSA/RSA/RSA.sim/sim_1/behav/xsim'
INFO: [USF-XSim-98] *** Running xsim
   with args "Core_behav -key {Behavioral:sim_1:Functional:Core} -tclbatch {Core.tcl} -log {simulate.log}"
INFO: [USF-XSim-8] Loading simulator feature
Vivado Simulator 2019.1
Time resolution is 1 ps
source Core.tcl
# set curr_wave [current_wave_config]
# if { [string length $curr_wave] == 0 } {
#   if { [llength [get_objects]] > 0} {
#     add_wave /
#     set_property needs_save false [current_wave_config]
#   } else {
#      send_msg_id Add_Wave-1 WARNING "No top level signals found. Simulator will start without a wave window. If you want to open a wave window go to 'File->New Waveform Configuration' or type 'create_wave_config' in the TCL console."
#   }
# }
# run 1000ns
INFO: [USF-XSim-96] XSim completed. Design snapshot 'Core_behav' loaded.
INFO: [USF-XSim-97] XSim simulation ran for 1000ns
launch_simulation: Time (s): cpu = 00:00:04 ; elapsed = 00:00:06 . Memory (MB): peak = 1228.945 ; gain = 0.000
update_compile_order -fileset sources_1
update_compile_order -fileset sim_1
update_compile_order -fileset sources_1
launch_simulation
boost::filesystem::remove: Prosessen får ikke tilgang til filen fordi den brukes av en annen prosess: "C:/Users/asgei/Desktop/RSA/RSA/RSA.sim/sim_1/behav/xsim/simulate.log"
launch_simulation
boost::filesystem::remove: Prosessen får ikke tilgang til filen fordi den brukes av en annen prosess: "C:/Users/asgei/Desktop/RSA/RSA/RSA.sim/sim_1/behav/xsim/simulate.log"
close_sim
INFO: [Simtcl 6-16] Simulation closed
exit
INFO: [Common 17-206] Exiting Vivado at Thu Oct 24 18:04:42 2019...
