#-----------------------------------------------------------
# Vivado v2019.1 (64-bit)
# SW Build 2552052 on Fri May 24 14:49:42 MDT 2019
# IP Build 2548770 on Fri May 24 18:01:18 MDT 2019
# Start of session at: Sun Nov 24 17:40:13 2019
# Process ID: 4636
# Current directory: C:/Users/asgei/Desktop/RSA/intergration_kit_RSA/RSA_accelerator/RSA_accelerator
# Command line: vivado.exe -gui_launcher_event rodinguilauncherevent14984 C:\Users\asgei\Desktop\RSA\intergration_kit_RSA\RSA_accelerator\RSA_accelerator\RSA_accelerator.xpr
# Log file: C:/Users/asgei/Desktop/RSA/intergration_kit_RSA/RSA_accelerator/RSA_accelerator/vivado.log
# Journal file: C:/Users/asgei/Desktop/RSA/intergration_kit_RSA/RSA_accelerator/RSA_accelerator\vivado.jou
#-----------------------------------------------------------
start_gui
open_project C:/Users/asgei/Desktop/RSA/intergration_kit_RSA/RSA_accelerator/RSA_accelerator/RSA_accelerator.xpr
Scanning sources...
Finished scanning sources
WARNING: [filemgmt 56-3] IPUserFilesDir: Could not find the directory 'C:/Users/asgei/Desktop/RSA/intergration_kit_RSA/RSA_accelerator/RSA_accelerator/RSA_accelerator.ip_user_files'.
INFO: [IP_Flow 19-234] Refreshing IP repositories
INFO: [IP_Flow 19-1700] Loaded user IP repository 'c:/Users/asgei/Desktop/RSA/intergration_kit_RSA/RSA_accelerator/IP'.
INFO: [IP_Flow 19-2313] Loaded Vivado IP repository 'C:/Xilinx/Vivado/2019.1/data/ip'.
open_project: Time (s): cpu = 00:00:18 ; elapsed = 00:00:09 . Memory (MB): peak = 687.031 ; gain = 83.500
update_compile_order -fileset sources_1
launch_simulation
INFO: [Vivado 12-5682] Launching behavioral simulation in 'C:/Users/asgei/Desktop/RSA/intergration_kit_RSA/RSA_accelerator/RSA_accelerator/RSA_accelerator.sim/sim_1/behav/xsim'
INFO: [SIM-utils-51] Simulation object is 'sim_1'
INFO: [SIM-utils-54] Inspecting design source files for 'RSA_accelerator_tb' in fileset 'sim_1'...
INFO: [SIM-utils-43] Exported 'C:/Users/asgei/Desktop/RSA/intergration_kit_RSA/RSA_accelerator/RSA_accelerator/RSA_accelerator.sim/sim_1/behav/xsim/long_test.inp_messages.hex_ct3_in.txt'
INFO: [SIM-utils-43] Exported 'C:/Users/asgei/Desktop/RSA/intergration_kit_RSA/RSA_accelerator/RSA_accelerator/RSA_accelerator.sim/sim_1/behav/xsim/long_test.inp_messages.hex_ct4_in.txt'
INFO: [SIM-utils-43] Exported 'C:/Users/asgei/Desktop/RSA/intergration_kit_RSA/RSA_accelerator/RSA_accelerator/RSA_accelerator.sim/sim_1/behav/xsim/long_test.inp_messages.hex_ct5_in.txt'
INFO: [SIM-utils-43] Exported 'C:/Users/asgei/Desktop/RSA/intergration_kit_RSA/RSA_accelerator/RSA_accelerator/RSA_accelerator.sim/sim_1/behav/xsim/long_test.inp_messages.hex_pt0_in.txt'
INFO: [SIM-utils-43] Exported 'C:/Users/asgei/Desktop/RSA/intergration_kit_RSA/RSA_accelerator/RSA_accelerator/RSA_accelerator.sim/sim_1/behav/xsim/long_test.inp_messages.hex_pt1_in.txt'
INFO: [SIM-utils-43] Exported 'C:/Users/asgei/Desktop/RSA/intergration_kit_RSA/RSA_accelerator/RSA_accelerator/RSA_accelerator.sim/sim_1/behav/xsim/long_test.inp_messages.hex_pt2_in.txt'
INFO: [SIM-utils-43] Exported 'C:/Users/asgei/Desktop/RSA/intergration_kit_RSA/RSA_accelerator/RSA_accelerator/RSA_accelerator.sim/sim_1/behav/xsim/long_test.otp_messages.hex_ct0_out.txt'
INFO: [SIM-utils-43] Exported 'C:/Users/asgei/Desktop/RSA/intergration_kit_RSA/RSA_accelerator/RSA_accelerator/RSA_accelerator.sim/sim_1/behav/xsim/long_test.otp_messages.hex_ct1_out.txt'
INFO: [SIM-utils-43] Exported 'C:/Users/asgei/Desktop/RSA/intergration_kit_RSA/RSA_accelerator/RSA_accelerator/RSA_accelerator.sim/sim_1/behav/xsim/long_test.otp_messages.hex_ct2_out.txt'
INFO: [SIM-utils-43] Exported 'C:/Users/asgei/Desktop/RSA/intergration_kit_RSA/RSA_accelerator/RSA_accelerator/RSA_accelerator.sim/sim_1/behav/xsim/long_test.otp_messages.hex_pt3_out.txt'
INFO: [SIM-utils-43] Exported 'C:/Users/asgei/Desktop/RSA/intergration_kit_RSA/RSA_accelerator/RSA_accelerator/RSA_accelerator.sim/sim_1/behav/xsim/long_test.otp_messages.hex_pt4_out.txt'
INFO: [SIM-utils-43] Exported 'C:/Users/asgei/Desktop/RSA/intergration_kit_RSA/RSA_accelerator/RSA_accelerator/RSA_accelerator.sim/sim_1/behav/xsim/long_test.otp_messages.hex_pt5_out.txt'
INFO: [SIM-utils-43] Exported 'C:/Users/asgei/Desktop/RSA/intergration_kit_RSA/RSA_accelerator/RSA_accelerator/RSA_accelerator.sim/sim_1/behav/xsim/short_test.inp_messages.hex_ct3_in.txt'
INFO: [SIM-utils-43] Exported 'C:/Users/asgei/Desktop/RSA/intergration_kit_RSA/RSA_accelerator/RSA_accelerator/RSA_accelerator.sim/sim_1/behav/xsim/short_test.inp_messages.hex_ct4_in.txt'
INFO: [SIM-utils-43] Exported 'C:/Users/asgei/Desktop/RSA/intergration_kit_RSA/RSA_accelerator/RSA_accelerator/RSA_accelerator.sim/sim_1/behav/xsim/short_test.inp_messages.hex_ct5_in.txt'
INFO: [SIM-utils-43] Exported 'C:/Users/asgei/Desktop/RSA/intergration_kit_RSA/RSA_accelerator/RSA_accelerator/RSA_accelerator.sim/sim_1/behav/xsim/short_test.inp_messages.hex_pt0_in.txt'
INFO: [SIM-utils-43] Exported 'C:/Users/asgei/Desktop/RSA/intergration_kit_RSA/RSA_accelerator/RSA_accelerator/RSA_accelerator.sim/sim_1/behav/xsim/short_test.inp_messages.hex_pt1_in.txt'
INFO: [SIM-utils-43] Exported 'C:/Users/asgei/Desktop/RSA/intergration_kit_RSA/RSA_accelerator/RSA_accelerator/RSA_accelerator.sim/sim_1/behav/xsim/short_test.inp_messages.hex_pt2_in.txt'
INFO: [SIM-utils-43] Exported 'C:/Users/asgei/Desktop/RSA/intergration_kit_RSA/RSA_accelerator/RSA_accelerator/RSA_accelerator.sim/sim_1/behav/xsim/short_test.otp_messages.hex_ct0_out.txt'
INFO: [SIM-utils-43] Exported 'C:/Users/asgei/Desktop/RSA/intergration_kit_RSA/RSA_accelerator/RSA_accelerator/RSA_accelerator.sim/sim_1/behav/xsim/short_test.otp_messages.hex_ct1_out.txt'
INFO: [SIM-utils-43] Exported 'C:/Users/asgei/Desktop/RSA/intergration_kit_RSA/RSA_accelerator/RSA_accelerator/RSA_accelerator.sim/sim_1/behav/xsim/short_test.otp_messages.hex_ct2_out.txt'
INFO: [SIM-utils-43] Exported 'C:/Users/asgei/Desktop/RSA/intergration_kit_RSA/RSA_accelerator/RSA_accelerator/RSA_accelerator.sim/sim_1/behav/xsim/short_test.otp_messages.hex_pt3_out.txt'
INFO: [SIM-utils-43] Exported 'C:/Users/asgei/Desktop/RSA/intergration_kit_RSA/RSA_accelerator/RSA_accelerator/RSA_accelerator.sim/sim_1/behav/xsim/short_test.otp_messages.hex_pt4_out.txt'
INFO: [SIM-utils-43] Exported 'C:/Users/asgei/Desktop/RSA/intergration_kit_RSA/RSA_accelerator/RSA_accelerator/RSA_accelerator.sim/sim_1/behav/xsim/short_test.otp_messages.hex_pt5_out.txt'
INFO: [USF-XSim-97] Finding global include files...
INFO: [USF-XSim-98] Fetching design files from 'sim_1'...
INFO: [USF-XSim-2] XSim::Compile design
INFO: [USF-XSim-61] Executing 'COMPILE and ANALYZE' step in 'C:/Users/asgei/Desktop/RSA/intergration_kit_RSA/RSA_accelerator/RSA_accelerator/RSA_accelerator.sim/sim_1/behav/xsim'
"xvhdl --incr --relax -prj RSA_accelerator_tb_vhdl.prj"
INFO: [VRFC 10-163] Analyzing VHDL file "C:/Users/asgei/Desktop/RSA/intergration_kit_RSA/Exponentiation/source/ALU.vhd" into library xil_defaultlib
INFO: [VRFC 10-3107] analyzing entity 'ALU'
INFO: [VRFC 10-163] Analyzing VHDL file "C:/Users/asgei/Desktop/RSA/intergration_kit_RSA/Exponentiation/source/Control.vhd" into library xil_defaultlib
INFO: [VRFC 10-3107] analyzing entity 'Control'
INFO: [VRFC 10-163] Analyzing VHDL file "C:/Users/asgei/Desktop/RSA/intergration_kit_RSA/Exponentiation/source/exponentiation.vhd" into library xil_defaultlib
INFO: [VRFC 10-3107] analyzing entity 'exponentiation'
INFO: [VRFC 10-163] Analyzing VHDL file "C:/Users/asgei/Desktop/RSA/intergration_kit_RSA/RSA_accelerator/source/rsa_core.vhd" into library xil_defaultlib
INFO: [VRFC 10-3107] analyzing entity 'rsa_core'
INFO: [VRFC 10-163] Analyzing VHDL file "C:/Users/asgei/Desktop/RSA/intergration_kit_RSA/RSA_accelerator/testbench/rsa_accelerator_tb.vhd" into library xil_defaultlib
INFO: [VRFC 10-3107] analyzing entity 'rsa_accelerator_tb'
INFO: [USF-XSim-69] 'compile' step finished in '2' seconds
INFO: [USF-XSim-3] XSim::Elaborate design
INFO: [USF-XSim-61] Executing 'ELABORATE' step in 'C:/Users/asgei/Desktop/RSA/intergration_kit_RSA/RSA_accelerator/RSA_accelerator/RSA_accelerator.sim/sim_1/behav/xsim'
"xelab -wto 9d837d6776ae47f48cfe23ad12f13b19 --incr --debug typical --relax --mt 2 -L xil_defaultlib -L secureip --snapshot RSA_accelerator_tb_behav xil_defaultlib.RSA_accelerator_tb -log elaborate.log"
Vivado Simulator 2019.1
Copyright 1986-1999, 2001-2019 Xilinx, Inc. All Rights Reserved.
Running: C:/Xilinx/Vivado/2019.1/bin/unwrapped/win64.o/xelab.exe -wto 9d837d6776ae47f48cfe23ad12f13b19 --incr --debug typical --relax --mt 2 -L xil_defaultlib -L secureip --snapshot RSA_accelerator_tb_behav xil_defaultlib.RSA_accelerator_tb -log elaborate.log 
Using 2 slave threads.
Starting static elaboration
ERROR: [VRFC 10-664] expression has 8 elements ; expected 4 [C:/Users/asgei/Desktop/RSA/intergration_kit_RSA/Exponentiation/source/Control.vhd:267]
ERROR: [XSIM 43-3321] Static elaboration of top level VHDL design unit rsa_accelerator_tb in library work failed.
INFO: [USF-XSim-69] 'elaborate' step finished in '1' seconds
INFO: [USF-XSim-99] Step results log file:'C:/Users/asgei/Desktop/RSA/intergration_kit_RSA/RSA_accelerator/RSA_accelerator/RSA_accelerator.sim/sim_1/behav/xsim/elaborate.log'
ERROR: [USF-XSim-62] 'elaborate' step failed with error(s). Please check the Tcl console output or 'C:/Users/asgei/Desktop/RSA/intergration_kit_RSA/RSA_accelerator/RSA_accelerator/RSA_accelerator.sim/sim_1/behav/xsim/elaborate.log' file for more information.
ERROR: [Vivado 12-4473] Detected error while running simulation. Please correct the issue and retry this operation.
ERROR: [Common 17-39] 'launch_simulation' failed due to earlier errors.
launch_simulation
INFO: [Vivado 12-5682] Launching behavioral simulation in 'C:/Users/asgei/Desktop/RSA/intergration_kit_RSA/RSA_accelerator/RSA_accelerator/RSA_accelerator.sim/sim_1/behav/xsim'
INFO: [SIM-utils-51] Simulation object is 'sim_1'
INFO: [SIM-utils-54] Inspecting design source files for 'RSA_accelerator_tb' in fileset 'sim_1'...
INFO: [SIM-utils-43] Exported 'C:/Users/asgei/Desktop/RSA/intergration_kit_RSA/RSA_accelerator/RSA_accelerator/RSA_accelerator.sim/sim_1/behav/xsim/long_test.inp_messages.hex_ct3_in.txt'
INFO: [SIM-utils-43] Exported 'C:/Users/asgei/Desktop/RSA/intergration_kit_RSA/RSA_accelerator/RSA_accelerator/RSA_accelerator.sim/sim_1/behav/xsim/long_test.inp_messages.hex_ct4_in.txt'
INFO: [SIM-utils-43] Exported 'C:/Users/asgei/Desktop/RSA/intergration_kit_RSA/RSA_accelerator/RSA_accelerator/RSA_accelerator.sim/sim_1/behav/xsim/long_test.inp_messages.hex_ct5_in.txt'
INFO: [SIM-utils-43] Exported 'C:/Users/asgei/Desktop/RSA/intergration_kit_RSA/RSA_accelerator/RSA_accelerator/RSA_accelerator.sim/sim_1/behav/xsim/long_test.inp_messages.hex_pt0_in.txt'
INFO: [SIM-utils-43] Exported 'C:/Users/asgei/Desktop/RSA/intergration_kit_RSA/RSA_accelerator/RSA_accelerator/RSA_accelerator.sim/sim_1/behav/xsim/long_test.inp_messages.hex_pt1_in.txt'
INFO: [SIM-utils-43] Exported 'C:/Users/asgei/Desktop/RSA/intergration_kit_RSA/RSA_accelerator/RSA_accelerator/RSA_accelerator.sim/sim_1/behav/xsim/long_test.inp_messages.hex_pt2_in.txt'
INFO: [SIM-utils-43] Exported 'C:/Users/asgei/Desktop/RSA/intergration_kit_RSA/RSA_accelerator/RSA_accelerator/RSA_accelerator.sim/sim_1/behav/xsim/long_test.otp_messages.hex_ct0_out.txt'
INFO: [SIM-utils-43] Exported 'C:/Users/asgei/Desktop/RSA/intergration_kit_RSA/RSA_accelerator/RSA_accelerator/RSA_accelerator.sim/sim_1/behav/xsim/long_test.otp_messages.hex_ct1_out.txt'
INFO: [SIM-utils-43] Exported 'C:/Users/asgei/Desktop/RSA/intergration_kit_RSA/RSA_accelerator/RSA_accelerator/RSA_accelerator.sim/sim_1/behav/xsim/long_test.otp_messages.hex_ct2_out.txt'
INFO: [SIM-utils-43] Exported 'C:/Users/asgei/Desktop/RSA/intergration_kit_RSA/RSA_accelerator/RSA_accelerator/RSA_accelerator.sim/sim_1/behav/xsim/long_test.otp_messages.hex_pt3_out.txt'
INFO: [SIM-utils-43] Exported 'C:/Users/asgei/Desktop/RSA/intergration_kit_RSA/RSA_accelerator/RSA_accelerator/RSA_accelerator.sim/sim_1/behav/xsim/long_test.otp_messages.hex_pt4_out.txt'
INFO: [SIM-utils-43] Exported 'C:/Users/asgei/Desktop/RSA/intergration_kit_RSA/RSA_accelerator/RSA_accelerator/RSA_accelerator.sim/sim_1/behav/xsim/long_test.otp_messages.hex_pt5_out.txt'
INFO: [SIM-utils-43] Exported 'C:/Users/asgei/Desktop/RSA/intergration_kit_RSA/RSA_accelerator/RSA_accelerator/RSA_accelerator.sim/sim_1/behav/xsim/short_test.inp_messages.hex_ct3_in.txt'
INFO: [SIM-utils-43] Exported 'C:/Users/asgei/Desktop/RSA/intergration_kit_RSA/RSA_accelerator/RSA_accelerator/RSA_accelerator.sim/sim_1/behav/xsim/short_test.inp_messages.hex_ct4_in.txt'
INFO: [SIM-utils-43] Exported 'C:/Users/asgei/Desktop/RSA/intergration_kit_RSA/RSA_accelerator/RSA_accelerator/RSA_accelerator.sim/sim_1/behav/xsim/short_test.inp_messages.hex_ct5_in.txt'
INFO: [SIM-utils-43] Exported 'C:/Users/asgei/Desktop/RSA/intergration_kit_RSA/RSA_accelerator/RSA_accelerator/RSA_accelerator.sim/sim_1/behav/xsim/short_test.inp_messages.hex_pt0_in.txt'
INFO: [SIM-utils-43] Exported 'C:/Users/asgei/Desktop/RSA/intergration_kit_RSA/RSA_accelerator/RSA_accelerator/RSA_accelerator.sim/sim_1/behav/xsim/short_test.inp_messages.hex_pt1_in.txt'
INFO: [SIM-utils-43] Exported 'C:/Users/asgei/Desktop/RSA/intergration_kit_RSA/RSA_accelerator/RSA_accelerator/RSA_accelerator.sim/sim_1/behav/xsim/short_test.inp_messages.hex_pt2_in.txt'
INFO: [SIM-utils-43] Exported 'C:/Users/asgei/Desktop/RSA/intergration_kit_RSA/RSA_accelerator/RSA_accelerator/RSA_accelerator.sim/sim_1/behav/xsim/short_test.otp_messages.hex_ct0_out.txt'
INFO: [SIM-utils-43] Exported 'C:/Users/asgei/Desktop/RSA/intergration_kit_RSA/RSA_accelerator/RSA_accelerator/RSA_accelerator.sim/sim_1/behav/xsim/short_test.otp_messages.hex_ct1_out.txt'
INFO: [SIM-utils-43] Exported 'C:/Users/asgei/Desktop/RSA/intergration_kit_RSA/RSA_accelerator/RSA_accelerator/RSA_accelerator.sim/sim_1/behav/xsim/short_test.otp_messages.hex_ct2_out.txt'
INFO: [SIM-utils-43] Exported 'C:/Users/asgei/Desktop/RSA/intergration_kit_RSA/RSA_accelerator/RSA_accelerator/RSA_accelerator.sim/sim_1/behav/xsim/short_test.otp_messages.hex_pt3_out.txt'
INFO: [SIM-utils-43] Exported 'C:/Users/asgei/Desktop/RSA/intergration_kit_RSA/RSA_accelerator/RSA_accelerator/RSA_accelerator.sim/sim_1/behav/xsim/short_test.otp_messages.hex_pt4_out.txt'
INFO: [SIM-utils-43] Exported 'C:/Users/asgei/Desktop/RSA/intergration_kit_RSA/RSA_accelerator/RSA_accelerator/RSA_accelerator.sim/sim_1/behav/xsim/short_test.otp_messages.hex_pt5_out.txt'
INFO: [USF-XSim-97] Finding global include files...
INFO: [USF-XSim-98] Fetching design files from 'sim_1'...
INFO: [USF-XSim-2] XSim::Compile design
INFO: [USF-XSim-61] Executing 'COMPILE and ANALYZE' step in 'C:/Users/asgei/Desktop/RSA/intergration_kit_RSA/RSA_accelerator/RSA_accelerator/RSA_accelerator.sim/sim_1/behav/xsim'
"xvhdl --incr --relax -prj RSA_accelerator_tb_vhdl.prj"
INFO: [VRFC 10-163] Analyzing VHDL file "C:/Users/asgei/Desktop/RSA/intergration_kit_RSA/Exponentiation/source/ALU.vhd" into library xil_defaultlib
INFO: [VRFC 10-3107] analyzing entity 'ALU'
INFO: [VRFC 10-163] Analyzing VHDL file "C:/Users/asgei/Desktop/RSA/intergration_kit_RSA/Exponentiation/source/Control.vhd" into library xil_defaultlib
INFO: [VRFC 10-3107] analyzing entity 'Control'
INFO: [VRFC 10-163] Analyzing VHDL file "C:/Users/asgei/Desktop/RSA/intergration_kit_RSA/Exponentiation/source/exponentiation.vhd" into library xil_defaultlib
INFO: [VRFC 10-3107] analyzing entity 'exponentiation'
INFO: [VRFC 10-163] Analyzing VHDL file "C:/Users/asgei/Desktop/RSA/intergration_kit_RSA/RSA_accelerator/source/rsa_core.vhd" into library xil_defaultlib
INFO: [VRFC 10-3107] analyzing entity 'rsa_core'
INFO: [VRFC 10-163] Analyzing VHDL file "C:/Users/asgei/Desktop/RSA/intergration_kit_RSA/RSA_accelerator/testbench/rsa_accelerator_tb.vhd" into library xil_defaultlib
INFO: [VRFC 10-3107] analyzing entity 'rsa_accelerator_tb'
INFO: [USF-XSim-69] 'compile' step finished in '2' seconds
INFO: [USF-XSim-3] XSim::Elaborate design
INFO: [USF-XSim-61] Executing 'ELABORATE' step in 'C:/Users/asgei/Desktop/RSA/intergration_kit_RSA/RSA_accelerator/RSA_accelerator/RSA_accelerator.sim/sim_1/behav/xsim'
"xelab -wto 9d837d6776ae47f48cfe23ad12f13b19 --incr --debug typical --relax --mt 2 -L xil_defaultlib -L secureip --snapshot RSA_accelerator_tb_behav xil_defaultlib.RSA_accelerator_tb -log elaborate.log"
Vivado Simulator 2019.1
Copyright 1986-1999, 2001-2019 Xilinx, Inc. All Rights Reserved.
Running: C:/Xilinx/Vivado/2019.1/bin/unwrapped/win64.o/xelab.exe -wto 9d837d6776ae47f48cfe23ad12f13b19 --incr --debug typical --relax --mt 2 -L xil_defaultlib -L secureip --snapshot RSA_accelerator_tb_behav xil_defaultlib.RSA_accelerator_tb -log elaborate.log 
Using 2 slave threads.
Starting static elaboration
Completed static elaboration
Starting simulation data flow analysis
Completed simulation data flow analysis
Time Resolution for simulation is 1ps
Compiling package std.standard
Compiling package std.textio
Compiling package ieee.std_logic_1164
Compiling package ieee.math_real
Compiling package ieee.numeric_std
Compiling package ieee.std_logic_arith
Compiling package ieee.std_logic_unsigned
Compiling architecture behavioral of entity xil_defaultlib.ALU [alu_default]
Compiling architecture behavioral of entity xil_defaultlib.Control [control_default]
Compiling architecture behavior of entity xil_defaultlib.exponentiation [exponentiation_default]
Compiling architecture rtl of entity xil_defaultlib.rsa_core [rsa_core_default]
Compiling architecture struct of entity xil_defaultlib.rsa_accelerator_tb
Built simulation snapshot RSA_accelerator_tb_behav

****** Webtalk v2019.1 (64-bit)
  **** SW Build 2552052 on Fri May 24 14:49:42 MDT 2019
  **** IP Build 2548770 on Fri May 24 18:01:18 MDT 2019
    ** Copyright 1986-2019 Xilinx, Inc. All Rights Reserved.

source C:/Users/asgei/Desktop/RSA/intergration_kit_RSA/RSA_accelerator/RSA_accelerator/RSA_accelerator.sim/sim_1/behav/xsim/xsim.dir/RSA_accelerator_tb_behav/webtalk/xsim_webtalk.tcl -notrace
INFO: [Common 17-186] 'C:/Users/asgei/Desktop/RSA/intergration_kit_RSA/RSA_accelerator/RSA_accelerator/RSA_accelerator.sim/sim_1/behav/xsim/xsim.dir/RSA_accelerator_tb_behav/webtalk/usage_statistics_ext_xsim.xml' has been successfully sent to Xilinx on Sun Nov 24 18:09:20 2019. For additional details about this file, please refer to the WebTalk help file at C:/Xilinx/Vivado/2019.1/doc/webtalk_introduction.html.
INFO: [Common 17-206] Exiting Webtalk at Sun Nov 24 18:09:20 2019...
run_program: Time (s): cpu = 00:00:00 ; elapsed = 00:00:07 . Memory (MB): peak = 733.680 ; gain = 0.000
INFO: [USF-XSim-69] 'elaborate' step finished in '7' seconds
INFO: [USF-XSim-4] XSim::Simulate design
INFO: [USF-XSim-61] Executing 'SIMULATE' step in 'C:/Users/asgei/Desktop/RSA/intergration_kit_RSA/RSA_accelerator/RSA_accelerator/RSA_accelerator.sim/sim_1/behav/xsim'
INFO: [USF-XSim-98] *** Running xsim
   with args "RSA_accelerator_tb_behav -key {Behavioral:sim_1:Functional:RSA_accelerator_tb} -tclbatch {RSA_accelerator_tb.tcl} -log {simulate.log}"
INFO: [USF-XSim-8] Loading simulator feature
Vivado Simulator 2019.1
Time resolution is 1 ps
source RSA_accelerator_tb.tcl
# set curr_wave [current_wave_config]
# if { [string length $curr_wave] == 0 } {
#   if { [llength [get_objects]] > 0} {
#     add_wave /
#     set_property needs_save false [current_wave_config]
#   } else {
#      send_msg_id Add_Wave-1 WARNING "No top level signals found. Simulator will start without a wave window. If you want to open a wave window go to 'File->New Waveform Configuration' or type 'create_wave_config' in the TCL console."
#   }
# }
WARNING: Simulation object /rsa_accelerator_tb/tc_inp was not traceable in the design for the following reason:
Vivado Simulator does not yet support tracing of VHDL variables.
WARNING: Simulation object /rsa_accelerator_tb/tc_otp was not traceable in the design for the following reason:
Vivado Simulator does not yet support tracing of VHDL variables.
# run 1000ns
Note: ********************************************************************************
Time: 20 ns  Iteration: 1  Process: /rsa_accelerator_tb/testcase_control  File: C:/Users/asgei/Desktop/RSA/intergration_kit_RSA/RSA_accelerator/testbench/rsa_accelerator_tb.vhd
Note: STARTING NEW TESTCASE
Time: 20 ns  Iteration: 1  Process: /rsa_accelerator_tb/testcase_control  File: C:/Users/asgei/Desktop/RSA/intergration_kit_RSA/RSA_accelerator/testbench/rsa_accelerator_tb.vhd
Note: ********************************************************************************
Time: 20 ns  Iteration: 1  Process: /rsa_accelerator_tb/testcase_control  File: C:/Users/asgei/Desktop/RSA/intergration_kit_RSA/RSA_accelerator/testbench/rsa_accelerator_tb.vhd
Note: DRIVE NEW MSGIN_DATA[0000] RTL: 0A23232323232323232323232323232323232323232323232323232323232323
Time: 40 ns  Iteration: 1  Process: /rsa_accelerator_tb/msgin_bfm  File: C:/Users/asgei/Desktop/RSA/intergration_kit_RSA/RSA_accelerator/testbench/rsa_accelerator_tb.vhd
Note: DRIVE NEW MSGIN_DATA[0001] RTL: 0A232020207478742E6E695F307470203A2020202020202020202020454D414E
Time: 60 ns  Iteration: 1  Process: /rsa_accelerator_tb/msgin_bfm  File: C:/Users/asgei/Desktop/RSA/intergration_kit_RSA/RSA_accelerator/testbench/rsa_accelerator_tb.vhd
INFO: [USF-XSim-96] XSim completed. Design snapshot 'RSA_accelerator_tb_behav' loaded.
INFO: [USF-XSim-97] XSim simulation ran for 1000ns
launch_simulation: Time (s): cpu = 00:00:08 ; elapsed = 00:00:13 . Memory (MB): peak = 752.176 ; gain = 18.496
run 20 ms
Note: COMPARE MSGOUT_DATA[0000] RTL: 85EE722363960779206A2B37CC8B64B5FC12A934473FA0204BBAAF714BC90C01   EXPECTED: 85EE722363960779206A2B37CC8B64B5FC12A934473FA0204BBAAF714BC90C01
Time: 4644040 ns  Iteration: 1  Process: /rsa_accelerator_tb/msgout_bfm  File: C:/Users/asgei/Desktop/RSA/intergration_kit_RSA/RSA_accelerator/testbench/rsa_accelerator_tb.vhd
Note: DRIVE NEW MSGIN_DATA[0002] RTL: 0A2320202020202020202020203336203A2020544E554F43204547415353454D
Time: 4644070 ns  Iteration: 1  Process: /rsa_accelerator_tb/msgin_bfm  File: C:/Users/asgei/Desktop/RSA/intergration_kit_RSA/RSA_accelerator/testbench/rsa_accelerator_tb.vhd
Note: COMPARE MSGOUT_DATA[0001] RTL: 08F9BAF32E8505CBC9A28FED4D5791DCE46508C3D1636232BF91F5D0B6632A9F   EXPECTED: 08F9BAF32E8505CBC9A28FED4D5791DCE46508C3D1636232BF91F5D0B6632A9F
Time: 9288060 ns  Iteration: 1  Process: /rsa_accelerator_tb/msgout_bfm  File: C:/Users/asgei/Desktop/RSA/intergration_kit_RSA/RSA_accelerator/testbench/rsa_accelerator_tb.vhd
Note: DRIVE NEW MSGIN_DATA[0003] RTL: 0A2320202020202020202041307830203A464C20726F662065646F6320786548
Time: 9288120 ns  Iteration: 1  Process: /rsa_accelerator_tb/msgin_bfm  File: C:/Users/asgei/Desktop/RSA/intergration_kit_RSA/RSA_accelerator/testbench/rsa_accelerator_tb.vhd
Note: COMPARE MSGOUT_DATA[0002] RTL: 81CA80617856C964E2F92DDE82841CC7CE81210F56BF18A32D2EE2ADA64586D6   EXPECTED: 81CA80617856C964E2F92DDE82841CC7CE81210F56BF18A32D2EE2ADA64586D6
Time: 13932080 ns  Iteration: 1  Process: /rsa_accelerator_tb/msgout_bfm  File: C:/Users/asgei/Desktop/RSA/intergration_kit_RSA/RSA_accelerator/testbench/rsa_accelerator_tb.vhd
Note: COMPARE MSGOUT_DATA[0003] RTL: 805974EFD1C6E0D32AD06D3F86168D991B6DE12371BE881E903C562C2EBEDE8E   EXPECTED: 805974EFD1C6E0D32AD06D3F86168D991B6DE12371BE881E903C562C2EBEDE8E
Time: 18576130 ns  Iteration: 1  Process: /rsa_accelerator_tb/msgout_bfm  File: C:/Users/asgei/Desktop/RSA/intergration_kit_RSA/RSA_accelerator/testbench/rsa_accelerator_tb.vhd
Note: ********************************************************************************
Time: 18576170 ns  Iteration: 1  Process: /rsa_accelerator_tb/testcase_control  File: C:/Users/asgei/Desktop/RSA/intergration_kit_RSA/RSA_accelerator/testbench/rsa_accelerator_tb.vhd
Note: STARTING NEW TESTCASE
Time: 18576170 ns  Iteration: 1  Process: /rsa_accelerator_tb/testcase_control  File: C:/Users/asgei/Desktop/RSA/intergration_kit_RSA/RSA_accelerator/testbench/rsa_accelerator_tb.vhd
Note: ********************************************************************************
Time: 18576170 ns  Iteration: 1  Process: /rsa_accelerator_tb/testcase_control  File: C:/Users/asgei/Desktop/RSA/intergration_kit_RSA/RSA_accelerator/testbench/rsa_accelerator_tb.vhd
Note: DRIVE NEW MSGIN_DATA[0004] RTL: 2323232323232323232323232323232323232323232323232323232323232323
Time: 18576210 ns  Iteration: 1  Process: /rsa_accelerator_tb/msgin_bfm  File: C:/Users/asgei/Desktop/RSA/intergration_kit_RSA/RSA_accelerator/testbench/rsa_accelerator_tb.vhd
Note: DRIVE NEW MSGIN_DATA[0005] RTL: 0A23232323232323232323232323232323232323232323232323232323232323
Time: 18576240 ns  Iteration: 1  Process: /rsa_accelerator_tb/msgin_bfm  File: C:/Users/asgei/Desktop/RSA/intergration_kit_RSA/RSA_accelerator/testbench/rsa_accelerator_tb.vhd
run: Time (s): cpu = 00:00:03 ; elapsed = 00:00:08 . Memory (MB): peak = 762.887 ; gain = 2.438
run 200 ms
Note: COMPARE MSGOUT_DATA[0004] RTL: 5635AB8CFD7390F2A13BD77238E4DFD2089E0216021806DB3B4E8BEE2B29C735   EXPECTED: 5635AB8CFD7390F2A13BD77238E4DFD2089E0216021806DB3B4E8BEE2B29C735
Time: 23220220 ns  Iteration: 1  Process: /rsa_accelerator_tb/msgout_bfm  File: C:/Users/asgei/Desktop/RSA/intergration_kit_RSA/RSA_accelerator/testbench/rsa_accelerator_tb.vhd
Note: DRIVE NEW MSGIN_DATA[0006] RTL: 20202020207478742E6E695F317470203A2020202020202020202020454D414E
Time: 23220280 ns  Iteration: 1  Process: /rsa_accelerator_tb/msgin_bfm  File: C:/Users/asgei/Desktop/RSA/intergration_kit_RSA/RSA_accelerator/testbench/rsa_accelerator_tb.vhd
Note: COMPARE MSGOUT_DATA[0005] RTL: 85EE722363960779206A2B37CC8B64B5FC12A934473FA0204BBAAF714BC90C01   EXPECTED: 85EE722363960779206A2B37CC8B64B5FC12A934473FA0204BBAAF714BC90C01
Time: 27864290 ns  Iteration: 1  Process: /rsa_accelerator_tb/msgout_bfm  File: C:/Users/asgei/Desktop/RSA/intergration_kit_RSA/RSA_accelerator/testbench/rsa_accelerator_tb.vhd
Note: DRIVE NEW MSGIN_DATA[0007] RTL: 0A23202020202020202020202020202020202020202020202020202020202020
Time: 27864320 ns  Iteration: 1  Process: /rsa_accelerator_tb/msgin_bfm  File: C:/Users/asgei/Desktop/RSA/intergration_kit_RSA/RSA_accelerator/testbench/rsa_accelerator_tb.vhd
Note: COMPARE MSGOUT_DATA[0006] RTL: 81DC2A1F43B2A9F27E13C73493204D823EED68DDABE9B79BFBFAA11BBACC35FE   EXPECTED: 81DC2A1F43B2A9F27E13C73493204D823EED68DDABE9B79BFBFAA11BBACC35FE
Time: 32508290 ns  Iteration: 1  Process: /rsa_accelerator_tb/msgout_bfm  File: C:/Users/asgei/Desktop/RSA/intergration_kit_RSA/RSA_accelerator/testbench/rsa_accelerator_tb.vhd
Note: COMPARE MSGOUT_DATA[0007] RTL: 1C6A9B8EC4485BD5A460E171A1F6723680599CFB58315B9C8CE213B0A81EF034   EXPECTED: 1C6A9B8EC4485BD5A460E171A1F6723680599CFB58315B9C8CE213B0A81EF034
Time: 37152310 ns  Iteration: 1  Process: /rsa_accelerator_tb/msgout_bfm  File: C:/Users/asgei/Desktop/RSA/intergration_kit_RSA/RSA_accelerator/testbench/rsa_accelerator_tb.vhd
Note: ********************************************************************************
Time: 37152350 ns  Iteration: 1  Process: /rsa_accelerator_tb/testcase_control  File: C:/Users/asgei/Desktop/RSA/intergration_kit_RSA/RSA_accelerator/testbench/rsa_accelerator_tb.vhd
Note: STARTING NEW TESTCASE
Time: 37152350 ns  Iteration: 1  Process: /rsa_accelerator_tb/testcase_control  File: C:/Users/asgei/Desktop/RSA/intergration_kit_RSA/RSA_accelerator/testbench/rsa_accelerator_tb.vhd
Note: ********************************************************************************
Time: 37152350 ns  Iteration: 1  Process: /rsa_accelerator_tb/testcase_control  File: C:/Users/asgei/Desktop/RSA/intergration_kit_RSA/RSA_accelerator/testbench/rsa_accelerator_tb.vhd
Note: DRIVE NEW MSGIN_DATA[0008] RTL: 2323232323232323232323232323232323232323232323232323232323232323
Time: 37152370 ns  Iteration: 1  Process: /rsa_accelerator_tb/msgin_bfm  File: C:/Users/asgei/Desktop/RSA/intergration_kit_RSA/RSA_accelerator/testbench/rsa_accelerator_tb.vhd
Note: DRIVE NEW MSGIN_DATA[0009] RTL: 0A23232323232323232323232323232323232323232323232323232323232323
Time: 37152390 ns  Iteration: 1  Process: /rsa_accelerator_tb/msgin_bfm  File: C:/Users/asgei/Desktop/RSA/intergration_kit_RSA/RSA_accelerator/testbench/rsa_accelerator_tb.vhd
Note: COMPARE MSGOUT_DATA[0008] RTL: 5635AB8CFD7390F2A13BD77238E4DFD2089E0216021806DB3B4E8BEE2B29C735   EXPECTED: 5635AB8CFD7390F2A13BD77238E4DFD2089E0216021806DB3B4E8BEE2B29C735
Time: 41796360 ns  Iteration: 1  Process: /rsa_accelerator_tb/msgout_bfm  File: C:/Users/asgei/Desktop/RSA/intergration_kit_RSA/RSA_accelerator/testbench/rsa_accelerator_tb.vhd
Note: DRIVE NEW MSGIN_DATA[000A] RTL: 3838383837373737363636363535353534343434333333333232323231313131
Time: 41796390 ns  Iteration: 1  Process: /rsa_accelerator_tb/msgin_bfm  File: C:/Users/asgei/Desktop/RSA/intergration_kit_RSA/RSA_accelerator/testbench/rsa_accelerator_tb.vhd
Note: COMPARE MSGOUT_DATA[0009] RTL: 85EE722363960779206A2B37CC8B64B5FC12A934473FA0204BBAAF714BC90C01   EXPECTED: 85EE722363960779206A2B37CC8B64B5FC12A934473FA0204BBAAF714BC90C01
Time: 46440380 ns  Iteration: 1  Process: /rsa_accelerator_tb/msgout_bfm  File: C:/Users/asgei/Desktop/RSA/intergration_kit_RSA/RSA_accelerator/testbench/rsa_accelerator_tb.vhd
Note: DRIVE NEW MSGIN_DATA[000B] RTL: 0A46464645454545444444444343434342424242414141413030303039393939
Time: 46440430 ns  Iteration: 1  Process: /rsa_accelerator_tb/msgin_bfm  File: C:/Users/asgei/Desktop/RSA/intergration_kit_RSA/RSA_accelerator/testbench/rsa_accelerator_tb.vhd
Note: COMPARE MSGOUT_DATA[000A] RTL: 635701B5DD254E317CDDACC905E33C4D49D2A87DDB6594416252066EC86F0A18   EXPECTED: 635701B5DD254E317CDDACC905E33C4D49D2A87DDB6594416252066EC86F0A18
Time: 51084380 ns  Iteration: 1  Process: /rsa_accelerator_tb/msgout_bfm  File: C:/Users/asgei/Desktop/RSA/intergration_kit_RSA/RSA_accelerator/testbench/rsa_accelerator_tb.vhd
Note: COMPARE MSGOUT_DATA[000B] RTL: 6E06D604089760C2D647F35185D024942E1EE240983E30AF313EE4081550DF5C   EXPECTED: 6E06D604089760C2D647F35185D024942E1EE240983E30AF313EE4081550DF5C
Time: 55728390 ns  Iteration: 1  Process: /rsa_accelerator_tb/msgout_bfm  File: C:/Users/asgei/Desktop/RSA/intergration_kit_RSA/RSA_accelerator/testbench/rsa_accelerator_tb.vhd
Note: ********************************************************************************
Time: 55728430 ns  Iteration: 1  Process: /rsa_accelerator_tb/testcase_control  File: C:/Users/asgei/Desktop/RSA/intergration_kit_RSA/RSA_accelerator/testbench/rsa_accelerator_tb.vhd
Note: STARTING NEW TESTCASE
Time: 55728430 ns  Iteration: 1  Process: /rsa_accelerator_tb/testcase_control  File: C:/Users/asgei/Desktop/RSA/intergration_kit_RSA/RSA_accelerator/testbench/rsa_accelerator_tb.vhd
Note: ********************************************************************************
Time: 55728430 ns  Iteration: 1  Process: /rsa_accelerator_tb/testcase_control  File: C:/Users/asgei/Desktop/RSA/intergration_kit_RSA/RSA_accelerator/testbench/rsa_accelerator_tb.vhd
Note: DRIVE NEW MSGIN_DATA[000C] RTL: 85EE722363960779206A2B37CC8B64B5FC12A934473FA0204BBAAF714BC90C01
Time: 55728450 ns  Iteration: 1  Process: /rsa_accelerator_tb/msgin_bfm  File: C:/Users/asgei/Desktop/RSA/intergration_kit_RSA/RSA_accelerator/testbench/rsa_accelerator_tb.vhd
Note: DRIVE NEW MSGIN_DATA[000D] RTL: 08F9BAF32E8505CBC9A28FED4D5791DCE46508C3D1636232BF91F5D0B6632A9F
Time: 55728490 ns  Iteration: 1  Process: /rsa_accelerator_tb/msgin_bfm  File: C:/Users/asgei/Desktop/RSA/intergration_kit_RSA/RSA_accelerator/testbench/rsa_accelerator_tb.vhd
Note: COMPARE MSGOUT_DATA[000C] RTL: 0A23232323232323232323232323232323232323232323232323232323232323   EXPECTED: 0A23232323232323232323232323232323232323232323232323232323232323
Time: 62806500 ns  Iteration: 1  Process: /rsa_accelerator_tb/msgout_bfm  File: C:/Users/asgei/Desktop/RSA/intergration_kit_RSA/RSA_accelerator/testbench/rsa_accelerator_tb.vhd
Note: DRIVE NEW MSGIN_DATA[000E] RTL: 81CA80617856C964E2F92DDE82841CC7CE81210F56BF18A32D2EE2ADA64586D6
Time: 62806550 ns  Iteration: 1  Process: /rsa_accelerator_tb/msgin_bfm  File: C:/Users/asgei/Desktop/RSA/intergration_kit_RSA/RSA_accelerator/testbench/rsa_accelerator_tb.vhd
Note: COMPARE MSGOUT_DATA[000D] RTL: 0A232020207478742E6E695F307470203A2020202020202020202020454D414E   EXPECTED: 0A232020207478742E6E695F307470203A2020202020202020202020454D414E
Time: 69884550 ns  Iteration: 1  Process: /rsa_accelerator_tb/msgout_bfm  File: C:/Users/asgei/Desktop/RSA/intergration_kit_RSA/RSA_accelerator/testbench/rsa_accelerator_tb.vhd
Note: DRIVE NEW MSGIN_DATA[000F] RTL: 805974EFD1C6E0D32AD06D3F86168D991B6DE12371BE881E903C562C2EBEDE8E
Time: 69884580 ns  Iteration: 1  Process: /rsa_accelerator_tb/msgin_bfm  File: C:/Users/asgei/Desktop/RSA/intergration_kit_RSA/RSA_accelerator/testbench/rsa_accelerator_tb.vhd
Note: COMPARE MSGOUT_DATA[000E] RTL: 0A2320202020202020202020203336203A2020544E554F43204547415353454D   EXPECTED: 0A2320202020202020202020203336203A2020544E554F43204547415353454D
Time: 76962650 ns  Iteration: 1  Process: /rsa_accelerator_tb/msgout_bfm  File: C:/Users/asgei/Desktop/RSA/intergration_kit_RSA/RSA_accelerator/testbench/rsa_accelerator_tb.vhd
Note: COMPARE MSGOUT_DATA[000F] RTL: 0A2320202020202020202041307830203A464C20726F662065646F6320786548   EXPECTED: 0A2320202020202020202041307830203A464C20726F662065646F6320786548
Time: 84040730 ns  Iteration: 1  Process: /rsa_accelerator_tb/msgout_bfm  File: C:/Users/asgei/Desktop/RSA/intergration_kit_RSA/RSA_accelerator/testbench/rsa_accelerator_tb.vhd
Note: ********************************************************************************
Time: 84040770 ns  Iteration: 1  Process: /rsa_accelerator_tb/testcase_control  File: C:/Users/asgei/Desktop/RSA/intergration_kit_RSA/RSA_accelerator/testbench/rsa_accelerator_tb.vhd
Note: STARTING NEW TESTCASE
Time: 84040770 ns  Iteration: 1  Process: /rsa_accelerator_tb/testcase_control  File: C:/Users/asgei/Desktop/RSA/intergration_kit_RSA/RSA_accelerator/testbench/rsa_accelerator_tb.vhd
Note: ********************************************************************************
Time: 84040770 ns  Iteration: 1  Process: /rsa_accelerator_tb/testcase_control  File: C:/Users/asgei/Desktop/RSA/intergration_kit_RSA/RSA_accelerator/testbench/rsa_accelerator_tb.vhd
Note: DRIVE NEW MSGIN_DATA[0010] RTL: 5635AB8CFD7390F2A13BD77238E4DFD2089E0216021806DB3B4E8BEE2B29C735
Time: 84040800 ns  Iteration: 1  Process: /rsa_accelerator_tb/msgin_bfm  File: C:/Users/asgei/Desktop/RSA/intergration_kit_RSA/RSA_accelerator/testbench/rsa_accelerator_tb.vhd
Note: DRIVE NEW MSGIN_DATA[0011] RTL: 85EE722363960779206A2B37CC8B64B5FC12A934473FA0204BBAAF714BC90C01
Time: 84040840 ns  Iteration: 1  Process: /rsa_accelerator_tb/msgin_bfm  File: C:/Users/asgei/Desktop/RSA/intergration_kit_RSA/RSA_accelerator/testbench/rsa_accelerator_tb.vhd
Note: COMPARE MSGOUT_DATA[0010] RTL: 2323232323232323232323232323232323232323232323232323232323232323   EXPECTED: 2323232323232323232323232323232323232323232323232323232323232323
Time: 91118850 ns  Iteration: 1  Process: /rsa_accelerator_tb/msgout_bfm  File: C:/Users/asgei/Desktop/RSA/intergration_kit_RSA/RSA_accelerator/testbench/rsa_accelerator_tb.vhd
Note: DRIVE NEW MSGIN_DATA[0012] RTL: 81DC2A1F43B2A9F27E13C73493204D823EED68DDABE9B79BFBFAA11BBACC35FE
Time: 91118890 ns  Iteration: 1  Process: /rsa_accelerator_tb/msgin_bfm  File: C:/Users/asgei/Desktop/RSA/intergration_kit_RSA/RSA_accelerator/testbench/rsa_accelerator_tb.vhd
Note: COMPARE MSGOUT_DATA[0011] RTL: 0A23232323232323232323232323232323232323232323232323232323232323   EXPECTED: 0A23232323232323232323232323232323232323232323232323232323232323
Time: 98196950 ns  Iteration: 1  Process: /rsa_accelerator_tb/msgout_bfm  File: C:/Users/asgei/Desktop/RSA/intergration_kit_RSA/RSA_accelerator/testbench/rsa_accelerator_tb.vhd
Note: DRIVE NEW MSGIN_DATA[0013] RTL: 1C6A9B8EC4485BD5A460E171A1F6723680599CFB58315B9C8CE213B0A81EF034
Time: 98197010 ns  Iteration: 1  Process: /rsa_accelerator_tb/msgin_bfm  File: C:/Users/asgei/Desktop/RSA/intergration_kit_RSA/RSA_accelerator/testbench/rsa_accelerator_tb.vhd
Note: COMPARE MSGOUT_DATA[0012] RTL: 20202020207478742E6E695F317470203A2020202020202020202020454D414E   EXPECTED: 20202020207478742E6E695F317470203A2020202020202020202020454D414E
Time: 105275070 ns  Iteration: 1  Process: /rsa_accelerator_tb/msgout_bfm  File: C:/Users/asgei/Desktop/RSA/intergration_kit_RSA/RSA_accelerator/testbench/rsa_accelerator_tb.vhd
Note: COMPARE MSGOUT_DATA[0013] RTL: 0A23202020202020202020202020202020202020202020202020202020202020   EXPECTED: 0A23202020202020202020202020202020202020202020202020202020202020
Time: 112353130 ns  Iteration: 1  Process: /rsa_accelerator_tb/msgout_bfm  File: C:/Users/asgei/Desktop/RSA/intergration_kit_RSA/RSA_accelerator/testbench/rsa_accelerator_tb.vhd
Note: ********************************************************************************
Time: 112353170 ns  Iteration: 1  Process: /rsa_accelerator_tb/testcase_control  File: C:/Users/asgei/Desktop/RSA/intergration_kit_RSA/RSA_accelerator/testbench/rsa_accelerator_tb.vhd
Note: STARTING NEW TESTCASE
Time: 112353170 ns  Iteration: 1  Process: /rsa_accelerator_tb/testcase_control  File: C:/Users/asgei/Desktop/RSA/intergration_kit_RSA/RSA_accelerator/testbench/rsa_accelerator_tb.vhd
Note: ********************************************************************************
Time: 112353170 ns  Iteration: 1  Process: /rsa_accelerator_tb/testcase_control  File: C:/Users/asgei/Desktop/RSA/intergration_kit_RSA/RSA_accelerator/testbench/rsa_accelerator_tb.vhd
Note: DRIVE NEW MSGIN_DATA[0014] RTL: 5635AB8CFD7390F2A13BD77238E4DFD2089E0216021806DB3B4E8BEE2B29C735
Time: 112353200 ns  Iteration: 1  Process: /rsa_accelerator_tb/msgin_bfm  File: C:/Users/asgei/Desktop/RSA/intergration_kit_RSA/RSA_accelerator/testbench/rsa_accelerator_tb.vhd
Note: DRIVE NEW MSGIN_DATA[0015] RTL: 85EE722363960779206A2B37CC8B64B5FC12A934473FA0204BBAAF714BC90C01
Time: 112353220 ns  Iteration: 1  Process: /rsa_accelerator_tb/msgin_bfm  File: C:/Users/asgei/Desktop/RSA/intergration_kit_RSA/RSA_accelerator/testbench/rsa_accelerator_tb.vhd
Note: COMPARE MSGOUT_DATA[0014] RTL: 2323232323232323232323232323232323232323232323232323232323232323   EXPECTED: 2323232323232323232323232323232323232323232323232323232323232323
Time: 119431240 ns  Iteration: 1  Process: /rsa_accelerator_tb/msgout_bfm  File: C:/Users/asgei/Desktop/RSA/intergration_kit_RSA/RSA_accelerator/testbench/rsa_accelerator_tb.vhd
Note: DRIVE NEW MSGIN_DATA[0016] RTL: 635701B5DD254E317CDDACC905E33C4D49D2A87DDB6594416252066EC86F0A18
Time: 119431300 ns  Iteration: 1  Process: /rsa_accelerator_tb/msgin_bfm  File: C:/Users/asgei/Desktop/RSA/intergration_kit_RSA/RSA_accelerator/testbench/rsa_accelerator_tb.vhd
Note: COMPARE MSGOUT_DATA[0015] RTL: 0A23232323232323232323232323232323232323232323232323232323232323   EXPECTED: 0A23232323232323232323232323232323232323232323232323232323232323
Time: 126509310 ns  Iteration: 1  Process: /rsa_accelerator_tb/msgout_bfm  File: C:/Users/asgei/Desktop/RSA/intergration_kit_RSA/RSA_accelerator/testbench/rsa_accelerator_tb.vhd
Note: DRIVE NEW MSGIN_DATA[0017] RTL: 6E06D604089760C2D647F35185D024942E1EE240983E30AF313EE4081550DF5C
Time: 126509340 ns  Iteration: 1  Process: /rsa_accelerator_tb/msgin_bfm  File: C:/Users/asgei/Desktop/RSA/intergration_kit_RSA/RSA_accelerator/testbench/rsa_accelerator_tb.vhd
Note: COMPARE MSGOUT_DATA[0016] RTL: 3838383837373737363636363535353534343434333333333232323231313131   EXPECTED: 3838383837373737363636363535353534343434333333333232323231313131
Time: 133587370 ns  Iteration: 1  Process: /rsa_accelerator_tb/msgout_bfm  File: C:/Users/asgei/Desktop/RSA/intergration_kit_RSA/RSA_accelerator/testbench/rsa_accelerator_tb.vhd
Note: COMPARE MSGOUT_DATA[0017] RTL: 0A46464645454545444444444343434342424242414141413030303039393939   EXPECTED: 0A46464645454545444444444343434342424242414141413030303039393939
Time: 140665420 ns  Iteration: 1  Process: /rsa_accelerator_tb/msgout_bfm  File: C:/Users/asgei/Desktop/RSA/intergration_kit_RSA/RSA_accelerator/testbench/rsa_accelerator_tb.vhd
Note: ********************************************************************************
Time: 140665460 ns  Iteration: 1  Process: /rsa_accelerator_tb/testcase_control  File: C:/Users/asgei/Desktop/RSA/intergration_kit_RSA/RSA_accelerator/testbench/rsa_accelerator_tb.vhd
Note: ALL TESTS FINISHED SUCCESSFULLY
Time: 140665460 ns  Iteration: 1  Process: /rsa_accelerator_tb/testcase_control  File: C:/Users/asgei/Desktop/RSA/intergration_kit_RSA/RSA_accelerator/testbench/rsa_accelerator_tb.vhd
Note: ********************************************************************************
Time: 140665460 ns  Iteration: 1  Process: /rsa_accelerator_tb/testcase_control  File: C:/Users/asgei/Desktop/RSA/intergration_kit_RSA/RSA_accelerator/testbench/rsa_accelerator_tb.vhd
Failure: ENDING SIMULATION...
Time: 140665460 ns  Iteration: 1  Process: /rsa_accelerator_tb/testcase_control  File: C:/Users/asgei/Desktop/RSA/intergration_kit_RSA/RSA_accelerator/testbench/rsa_accelerator_tb.vhd
$finish called at time : 140665460 ns : File "C:/Users/asgei/Desktop/RSA/intergration_kit_RSA/RSA_accelerator/testbench/rsa_accelerator_tb.vhd" Line 425
run: Time (s): cpu = 00:00:18 ; elapsed = 00:00:59 . Memory (MB): peak = 795.484 ; gain = 0.000
launch_runs synth_1 -jobs 2
[Sun Nov 24 18:11:33 2019] Launched synth_1...
Run output will be captured here: C:/Users/asgei/Desktop/RSA/intergration_kit_RSA/RSA_accelerator/RSA_accelerator/RSA_accelerator.runs/synth_1/runme.log
