
*** Running vivado
    with args -log Core.vds -m64 -product Vivado -mode batch -messageDb vivado.pb -notrace -source Core.tcl


****** Vivado v2019.1.2 (64-bit)
  **** SW Build 2615518 on Fri Aug  9 15:55:25 MDT 2019
  **** IP Build 2614745 on Fri Aug  9 20:55:02 MDT 2019
    ** Copyright 1986-2019 Xilinx, Inc. All Rights Reserved.

source Core.tcl -notrace
Command: synth_design -top Core -part xc7z010iclg225-1L
Starting synth_design
Attempting to get a license for feature 'Synthesis' and/or device 'xc7z010i'
INFO: [Common 17-349] Got license for feature 'Synthesis' and/or device 'xc7z010i'
INFO: Launching helper process for spawning children vivado processes
INFO: Helper process launched with PID 13720 
---------------------------------------------------------------------------------
Starting Synthesize : Time (s): cpu = 00:00:03 ; elapsed = 00:00:03 . Memory (MB): peak = 444.813 ; gain = 154.625
---------------------------------------------------------------------------------
INFO: [Synth 8-638] synthesizing module 'Core' [C:/Users/student/Documents/RSA/RSA/RSA.srcs/sources_1/new/Core.vhd:76]
INFO: [Synth 8-638] synthesizing module 'ALU' [C:/Users/student/Documents/RSA/RSA/RSA.srcs/sources_1/new/ALU.vhd:24]
INFO: [Synth 8-256] done synthesizing module 'ALU' (1#1) [C:/Users/student/Documents/RSA/RSA/RSA.srcs/sources_1/new/ALU.vhd:24]
INFO: [Synth 8-638] synthesizing module 'Control' [C:/Users/student/Documents/RSA/RSA/RSA.srcs/sources_1/new/Control.vhd:57]
WARNING: [Synth 8-614] signal 'program_counter' is read in the process but is not in the sensitivity list [C:/Users/student/Documents/RSA/RSA/RSA.srcs/sources_1/new/Control.vhd:85]
WARNING: [Synth 8-614] signal 'c_reg' is read in the process but is not in the sensitivity list [C:/Users/student/Documents/RSA/RSA/RSA.srcs/sources_1/new/Control.vhd:134]
WARNING: [Synth 8-614] signal 'redundant' is read in the process but is not in the sensitivity list [C:/Users/student/Documents/RSA/RSA/RSA.srcs/sources_1/new/Control.vhd:134]
WARNING: [Synth 8-614] signal 'ed_reg' is read in the process but is not in the sensitivity list [C:/Users/student/Documents/RSA/RSA/RSA.srcs/sources_1/new/Control.vhd:134]
WARNING: [Synth 8-614] signal 'i_reg' is read in the process but is not in the sensitivity list [C:/Users/student/Documents/RSA/RSA/RSA.srcs/sources_1/new/Control.vhd:134]
WARNING: [Synth 8-614] signal 'm_reg' is read in the process but is not in the sensitivity list [C:/Users/student/Documents/RSA/RSA/RSA.srcs/sources_1/new/Control.vhd:134]
WARNING: [Synth 8-614] signal 'T1_reg' is read in the process but is not in the sensitivity list [C:/Users/student/Documents/RSA/RSA/RSA.srcs/sources_1/new/Control.vhd:134]
WARNING: [Synth 8-614] signal 'x1' is read in the process but is not in the sensitivity list [C:/Users/student/Documents/RSA/RSA/RSA.srcs/sources_1/new/Control.vhd:134]
WARNING: [Synth 8-614] signal 'a_reg' is read in the process but is not in the sensitivity list [C:/Users/student/Documents/RSA/RSA/RSA.srcs/sources_1/new/Control.vhd:134]
WARNING: [Synth 8-614] signal 'T2_reg' is read in the process but is not in the sensitivity list [C:/Users/student/Documents/RSA/RSA/RSA.srcs/sources_1/new/Control.vhd:134]
WARNING: [Synth 8-614] signal 'j_reg' is read in the process but is not in the sensitivity list [C:/Users/student/Documents/RSA/RSA/RSA.srcs/sources_1/new/Control.vhd:134]
WARNING: [Synth 8-614] signal 'k_reg' is read in the process but is not in the sensitivity list [C:/Users/student/Documents/RSA/RSA/RSA.srcs/sources_1/new/Control.vhd:134]
WARNING: [Synth 8-614] signal 'R_reg' is read in the process but is not in the sensitivity list [C:/Users/student/Documents/RSA/RSA/RSA.srcs/sources_1/new/Control.vhd:134]
WARNING: [Synth 8-614] signal 'b_reg' is read in the process but is not in the sensitivity list [C:/Users/student/Documents/RSA/RSA/RSA.srcs/sources_1/new/Control.vhd:134]
WARNING: [Synth 8-614] signal 'n_reg' is read in the process but is not in the sensitivity list [C:/Users/student/Documents/RSA/RSA/RSA.srcs/sources_1/new/Control.vhd:134]
WARNING: [Synth 8-614] signal 'blakley_2' is read in the process but is not in the sensitivity list [C:/Users/student/Documents/RSA/RSA/RSA.srcs/sources_1/new/Control.vhd:134]
INFO: [Synth 8-256] done synthesizing module 'Control' (2#1) [C:/Users/student/Documents/RSA/RSA/RSA.srcs/sources_1/new/Control.vhd:57]
INFO: [Synth 8-256] done synthesizing module 'Core' (3#1) [C:/Users/student/Documents/RSA/RSA/RSA.srcs/sources_1/new/Core.vhd:76]
---------------------------------------------------------------------------------
Finished Synthesize : Time (s): cpu = 00:00:04 ; elapsed = 00:00:04 . Memory (MB): peak = 507.539 ; gain = 217.352
---------------------------------------------------------------------------------
---------------------------------------------------------------------------------
Finished Constraint Validation : Time (s): cpu = 00:00:04 ; elapsed = 00:00:05 . Memory (MB): peak = 507.539 ; gain = 217.352
---------------------------------------------------------------------------------
---------------------------------------------------------------------------------
Start Loading Part and Timing Information
---------------------------------------------------------------------------------
Loading part: xc7z010iclg225-1L
---------------------------------------------------------------------------------
Finished Loading Part and Timing Information : Time (s): cpu = 00:00:04 ; elapsed = 00:00:05 . Memory (MB): peak = 507.539 ; gain = 217.352
---------------------------------------------------------------------------------
INFO: [Device 21-403] Loading part xc7z010iclg225-1L
INFO: [Synth 8-5818] HDL ADVISOR - The operator resource <adder> is shared. To prevent sharing consider applying a KEEP on the output of the operator [C:/Users/student/Documents/RSA/RSA/RSA.srcs/sources_1/new/ALU.vhd:30]
INFO: [Synth 8-5546] ROM "blakley_2" won't be mapped to RAM because it is too sparse
WARNING: [Synth 8-6040] Register program_counter_reg_rep driving address of a ROM cannot be packed in BRAM/URAM because of presence of initial value.
WARNING: [Synth 8-327] inferring latch for variable 'blakley_2_reg' [C:/Users/student/Documents/RSA/RSA/RSA.srcs/sources_1/new/Control.vhd:199]
---------------------------------------------------------------------------------
Finished RTL Optimization Phase 2 : Time (s): cpu = 00:00:09 ; elapsed = 00:00:07 . Memory (MB): peak = 772.945 ; gain = 482.758
---------------------------------------------------------------------------------

Report RTL Partitions: 
+-+--------------+------------+----------+
| |RTL Partition |Replication |Instances |
+-+--------------+------------+----------+
+-+--------------+------------+----------+
No constraint files found.
---------------------------------------------------------------------------------
Start RTL Component Statistics 
---------------------------------------------------------------------------------
Detailed RTL Component Info : 
+---Adders : 
	   3 Input    256 Bit       Adders := 1     
	   2 Input    256 Bit       Adders := 1     
	   2 Input      8 Bit       Adders := 2     
+---Registers : 
	              256 Bit    Registers := 10    
	                8 Bit    Registers := 3     
	                1 Bit    Registers := 2     
+---Muxes : 
	   2 Input    256 Bit        Muxes := 5     
	  12 Input    256 Bit        Muxes := 2     
	   8 Input    256 Bit        Muxes := 1     
	  10 Input    256 Bit        Muxes := 1     
	   7 Input    256 Bit        Muxes := 1     
	   2 Input      8 Bit        Muxes := 6     
	  32 Input      8 Bit        Muxes := 1     
	   2 Input      4 Bit        Muxes := 3     
	  32 Input      4 Bit        Muxes := 2     
	  12 Input      3 Bit        Muxes := 1     
	   2 Input      3 Bit        Muxes := 1     
	  32 Input      3 Bit        Muxes := 1     
	   2 Input      2 Bit        Muxes := 1     
	  12 Input      1 Bit        Muxes := 1     
	  10 Input      1 Bit        Muxes := 9     
	  32 Input      1 Bit        Muxes := 1     
---------------------------------------------------------------------------------
Finished RTL Component Statistics 
---------------------------------------------------------------------------------
---------------------------------------------------------------------------------
Start RTL Hierarchical Component Statistics 
---------------------------------------------------------------------------------
Hierarchical RTL Component report 
Module ALU 
Detailed RTL Component Info : 
+---Adders : 
	   3 Input    256 Bit       Adders := 1     
	   2 Input    256 Bit       Adders := 1     
+---Muxes : 
	   2 Input    256 Bit        Muxes := 1     
	  12 Input    256 Bit        Muxes := 2     
	   8 Input    256 Bit        Muxes := 1     
	  12 Input      3 Bit        Muxes := 1     
	  12 Input      1 Bit        Muxes := 1     
Module Control 
Detailed RTL Component Info : 
+---Adders : 
	   2 Input      8 Bit       Adders := 2     
+---Registers : 
	              256 Bit    Registers := 10    
	                8 Bit    Registers := 3     
	                1 Bit    Registers := 2     
+---Muxes : 
	  10 Input    256 Bit        Muxes := 1     
	   2 Input    256 Bit        Muxes := 4     
	   7 Input    256 Bit        Muxes := 1     
	   2 Input      8 Bit        Muxes := 6     
	  32 Input      8 Bit        Muxes := 1     
	   2 Input      4 Bit        Muxes := 3     
	  32 Input      4 Bit        Muxes := 2     
	   2 Input      3 Bit        Muxes := 1     
	  32 Input      3 Bit        Muxes := 1     
	   2 Input      2 Bit        Muxes := 1     
	  10 Input      1 Bit        Muxes := 9     
	  32 Input      1 Bit        Muxes := 1     
---------------------------------------------------------------------------------
Finished RTL Hierarchical Component Statistics
---------------------------------------------------------------------------------
---------------------------------------------------------------------------------
Start Part Resource Summary
---------------------------------------------------------------------------------
Part Resources:
DSPs: 80 (col length:40)
BRAMs: 120 (col length: RAMB18 40 RAMB36 20)
---------------------------------------------------------------------------------
Finished Part Resource Summary
---------------------------------------------------------------------------------
No constraint files found.
---------------------------------------------------------------------------------
Start Cross Boundary and Area Optimization
---------------------------------------------------------------------------------
Warning: Parallel synthesis criteria is not met 
INFO: [Synth 8-5546] ROM "blakley_2" won't be mapped to RAM because it is too sparse
WARNING: [Synth 8-6040] Register program_counter_reg_rep driving address of a ROM cannot be packed in BRAM/URAM because of presence of initial value.
---------------------------------------------------------------------------------
Finished Cross Boundary and Area Optimization : Time (s): cpu = 00:00:23 ; elapsed = 00:00:22 . Memory (MB): peak = 854.582 ; gain = 564.395
---------------------------------------------------------------------------------
---------------------------------------------------------------------------------
Start ROM, RAM, DSP and Shift Register Reporting
---------------------------------------------------------------------------------

ROM:
+------------+--------------+---------------+----------------+
|Module Name | RTL Object   | Depth x Width | Implemented As | 
+------------+--------------+---------------+----------------+
|Control     | write_signal | 256x4         | LUT            | 
|Control     | write_signal | 256x4         | LUT            | 
+------------+--------------+---------------+----------------+

---------------------------------------------------------------------------------
Finished ROM, RAM, DSP and Shift Register Reporting
---------------------------------------------------------------------------------

Report RTL Partitions: 
+-+--------------+------------+----------+
| |RTL Partition |Replication |Instances |
+-+--------------+------------+----------+
+-+--------------+------------+----------+
No constraint files found.
---------------------------------------------------------------------------------
Start Timing Optimization
---------------------------------------------------------------------------------
---------------------------------------------------------------------------------
Finished Timing Optimization : Time (s): cpu = 00:00:25 ; elapsed = 00:00:23 . Memory (MB): peak = 854.582 ; gain = 564.395
---------------------------------------------------------------------------------

Report RTL Partitions: 
+-+--------------+------------+----------+
| |RTL Partition |Replication |Instances |
+-+--------------+------------+----------+
+-+--------------+------------+----------+
---------------------------------------------------------------------------------
Start Technology Mapping
---------------------------------------------------------------------------------
---------------------------------------------------------------------------------
Finished Technology Mapping : Time (s): cpu = 00:00:27 ; elapsed = 00:00:25 . Memory (MB): peak = 854.582 ; gain = 564.395
---------------------------------------------------------------------------------

Report RTL Partitions: 
+-+--------------+------------+----------+
| |RTL Partition |Replication |Instances |
+-+--------------+------------+----------+
+-+--------------+------------+----------+
---------------------------------------------------------------------------------
Start IO Insertion
---------------------------------------------------------------------------------
---------------------------------------------------------------------------------
Start Flattening Before IO Insertion
---------------------------------------------------------------------------------
---------------------------------------------------------------------------------
Finished Flattening Before IO Insertion
---------------------------------------------------------------------------------
---------------------------------------------------------------------------------
Start Final Netlist Cleanup
---------------------------------------------------------------------------------
---------------------------------------------------------------------------------
Finished Final Netlist Cleanup
---------------------------------------------------------------------------------
---------------------------------------------------------------------------------
Finished IO Insertion : Time (s): cpu = 00:00:30 ; elapsed = 00:00:28 . Memory (MB): peak = 854.582 ; gain = 564.395
---------------------------------------------------------------------------------

Report Check Netlist: 
+------+------------------+-------+---------+-------+------------------+
|      |Item              |Errors |Warnings |Status |Description       |
+------+------------------+-------+---------+-------+------------------+
|1     |multi_driven_nets |      0|        0|Passed |Multi driven nets |
+------+------------------+-------+---------+-------+------------------+
---------------------------------------------------------------------------------
Start Renaming Generated Instances
---------------------------------------------------------------------------------
---------------------------------------------------------------------------------
Finished Renaming Generated Instances : Time (s): cpu = 00:00:30 ; elapsed = 00:00:28 . Memory (MB): peak = 854.582 ; gain = 564.395
---------------------------------------------------------------------------------

Report RTL Partitions: 
+-+--------------+------------+----------+
| |RTL Partition |Replication |Instances |
+-+--------------+------------+----------+
+-+--------------+------------+----------+
---------------------------------------------------------------------------------
Start Rebuilding User Hierarchy
---------------------------------------------------------------------------------
---------------------------------------------------------------------------------
Finished Rebuilding User Hierarchy : Time (s): cpu = 00:00:30 ; elapsed = 00:00:28 . Memory (MB): peak = 854.582 ; gain = 564.395
---------------------------------------------------------------------------------
---------------------------------------------------------------------------------
Start Renaming Generated Ports
---------------------------------------------------------------------------------
---------------------------------------------------------------------------------
Finished Renaming Generated Ports : Time (s): cpu = 00:00:30 ; elapsed = 00:00:28 . Memory (MB): peak = 854.582 ; gain = 564.395
---------------------------------------------------------------------------------
---------------------------------------------------------------------------------
Start Handling Custom Attributes
---------------------------------------------------------------------------------
---------------------------------------------------------------------------------
Finished Handling Custom Attributes : Time (s): cpu = 00:00:30 ; elapsed = 00:00:29 . Memory (MB): peak = 854.582 ; gain = 564.395
---------------------------------------------------------------------------------
---------------------------------------------------------------------------------
Start Renaming Generated Nets
---------------------------------------------------------------------------------
---------------------------------------------------------------------------------
Finished Renaming Generated Nets : Time (s): cpu = 00:00:30 ; elapsed = 00:00:29 . Memory (MB): peak = 854.582 ; gain = 564.395
---------------------------------------------------------------------------------
---------------------------------------------------------------------------------
Start Writing Synthesis Report
---------------------------------------------------------------------------------

Report BlackBoxes: 
+-+--------------+----------+
| |BlackBox name |Instances |
+-+--------------+----------+
+-+--------------+----------+

Report Cell Usage: 
+------+-------+------+
|      |Cell   |Count |
+------+-------+------+
|1     |BUFG   |     1|
|2     |CARRY4 |   163|
|3     |LUT1   |     1|
|4     |LUT2   |   281|
|5     |LUT3   |  1040|
|6     |LUT4   |   274|
|7     |LUT5   |   554|
|8     |LUT6   |  1919|
|9     |MUXF7  |    34|
|10    |MUXF8  |    16|
|11    |FDCE   |    10|
|12    |FDPE   |     8|
|13    |FDRE   |  2580|
|14    |LD     |     1|
|15    |LDC    |     8|
|16    |IBUF   |   771|
|17    |OBUF   |   522|
+------+-------+------+

Report Instance Areas: 
+------+---------+--------+------+
|      |Instance |Module  |Cells |
+------+---------+--------+------+
|1     |top      |        |  8183|
|2     |  i_CTRL |Control |  6889|
+------+---------+--------+------+
---------------------------------------------------------------------------------
Finished Writing Synthesis Report : Time (s): cpu = 00:00:30 ; elapsed = 00:00:29 . Memory (MB): peak = 854.582 ; gain = 564.395
---------------------------------------------------------------------------------
Synthesis finished with 0 errors, 0 critical warnings and 19 warnings.
Synthesis Optimization Runtime : Time (s): cpu = 00:00:30 ; elapsed = 00:00:29 . Memory (MB): peak = 854.582 ; gain = 564.395
Synthesis Optimization Complete : Time (s): cpu = 00:00:30 ; elapsed = 00:00:29 . Memory (MB): peak = 854.582 ; gain = 564.395
INFO: [Project 1-571] Translating synthesized netlist
INFO: [Netlist 29-17] Analyzing 222 Unisim elements for replacement
INFO: [Netlist 29-28] Unisim Transformation completed in 0 CPU seconds
WARNING: [Netlist 29-101] Netlist 'Core' is not ideal for floorplanning, since the cellview 'Control' contains a large number of primitives.  Please consider enabling hierarchy in synthesis if you want to do floorplanning.
INFO: [Project 1-570] Preparing netlist for logic optimization
INFO: [Opt 31-138] Pushed 0 inverter(s) to 0 load pin(s).
Netlist sorting complete. Time (s): cpu = 00:00:00 ; elapsed = 00:00:00.002 . Memory (MB): peak = 854.582 ; gain = 0.000
INFO: [Project 1-111] Unisim Transformation Summary:
  A total of 9 instances were transformed.
  LD => LDCE: 1 instances
  LDC => LDCE: 8 instances

INFO: [Common 17-83] Releasing license: Synthesis
18 Infos, 20 Warnings, 0 Critical Warnings and 0 Errors encountered.
synth_design completed successfully
synth_design: Time (s): cpu = 00:00:35 ; elapsed = 00:00:34 . Memory (MB): peak = 854.582 ; gain = 564.395
Netlist sorting complete. Time (s): cpu = 00:00:00 ; elapsed = 00:00:00.001 . Memory (MB): peak = 854.582 ; gain = 0.000
WARNING: [Constraints 18-5210] No constraints selected for write.
Resolution: This message can indicate that there are no constraints for the design, or it can indicate that the used_in flags are set such that the constraints are ignored. This later case is used when running synth_design to not write synthesis constraints to the resulting checkpoint. Instead, project constraints are read when the synthesized design is opened.
INFO: [Common 17-1381] The checkpoint 'C:/Users/student/Documents/RSA/RSA/RSA.runs/synth_1/Core.dcp' has been generated.
INFO: [runtcl-4] Executing : report_utilization -file Core_utilization_synth.rpt -pb Core_utilization_synth.pb
INFO: [Common 17-206] Exiting Vivado at Mon Oct 28 22:01:34 2019...
