Vivado Simulator 2019.1
Time resolution is 1 ps
Note: ********************************************************************************
Time: 24 ns  Iteration: 1  Process: /rsa_accelerator_tb/testcase_control  File: C:/Users/asgei/Desktop/manuals/RSA/intergration_kit_RSA/RSA_accelerator/testbench/rsa_accelerator_tb.vhd
Note: STARTING NEW TESTCASE
Time: 24 ns  Iteration: 1  Process: /rsa_accelerator_tb/testcase_control  File: C:/Users/asgei/Desktop/manuals/RSA/intergration_kit_RSA/RSA_accelerator/testbench/rsa_accelerator_tb.vhd
Note: ********************************************************************************
Time: 24 ns  Iteration: 1  Process: /rsa_accelerator_tb/testcase_control  File: C:/Users/asgei/Desktop/manuals/RSA/intergration_kit_RSA/RSA_accelerator/testbench/rsa_accelerator_tb.vhd
Note: DRIVE NEW MSGIN_DATA[0000] RTL: 0A23232323232323232323232323232323232323232323232323232323232323
Time: 48 ns  Iteration: 1  Process: /rsa_accelerator_tb/msgin_bfm  File: C:/Users/asgei/Desktop/manuals/RSA/intergration_kit_RSA/RSA_accelerator/testbench/rsa_accelerator_tb.vhd
Note: DRIVE NEW MSGIN_DATA[0001] RTL: 0A232020207478742E6E695F307470203A2020202020202020202020454D414E
Time: 72 ns  Iteration: 1  Process: /rsa_accelerator_tb/msgin_bfm  File: C:/Users/asgei/Desktop/manuals/RSA/intergration_kit_RSA/RSA_accelerator/testbench/rsa_accelerator_tb.vhd
Note: COMPARE MSGOUT_DATA[0000] RTL: 85EE722363960779206A2B37CC8B64B5FC12A934473FA0204BBAAF714BC90C01   EXPECTED: 85EE722363960779206A2B37CC8B64B5FC12A934473FA0204BBAAF714BC90C01
Time: 6371532 ns  Iteration: 1  Process: /rsa_accelerator_tb/msgout_bfm  File: C:/Users/asgei/Desktop/manuals/RSA/intergration_kit_RSA/RSA_accelerator/testbench/rsa_accelerator_tb.vhd
Note: DRIVE NEW MSGIN_DATA[0002] RTL: 0A2320202020202020202020203336203A2020544E554F43204547415353454D
Time: 6371556 ns  Iteration: 1  Process: /rsa_accelerator_tb/msgin_bfm  File: C:/Users/asgei/Desktop/manuals/RSA/intergration_kit_RSA/RSA_accelerator/testbench/rsa_accelerator_tb.vhd
Note: COMPARE MSGOUT_DATA[0001] RTL: 08F9BAF32E8505CBC9A28FED4D5791DCE46508C3D1636232BF91F5D0B6632A9F   EXPECTED: 08F9BAF32E8505CBC9A28FED4D5791DCE46508C3D1636232BF91F5D0B6632A9F
Time: 12743016 ns  Iteration: 1  Process: /rsa_accelerator_tb/msgout_bfm  File: C:/Users/asgei/Desktop/manuals/RSA/intergration_kit_RSA/RSA_accelerator/testbench/rsa_accelerator_tb.vhd
Note: DRIVE NEW MSGIN_DATA[0003] RTL: 0A2320202020202020202041307830203A464C20726F662065646F6320786548
Time: 12743076 ns  Iteration: 1  Process: /rsa_accelerator_tb/msgin_bfm  File: C:/Users/asgei/Desktop/manuals/RSA/intergration_kit_RSA/RSA_accelerator/testbench/rsa_accelerator_tb.vhd
Note: COMPARE MSGOUT_DATA[0002] RTL: 81CA80617856C964E2F92DDE82841CC7CE81210F56BF18A32D2EE2ADA64586D6   EXPECTED: 81CA80617856C964E2F92DDE82841CC7CE81210F56BF18A32D2EE2ADA64586D6
Time: 19114500 ns  Iteration: 1  Process: /rsa_accelerator_tb/msgout_bfm  File: C:/Users/asgei/Desktop/manuals/RSA/intergration_kit_RSA/RSA_accelerator/testbench/rsa_accelerator_tb.vhd
Note: DRIVE NEW MSGIN_DATA[0004] RTL: 0A2320202020202020202033327830203A202320726F662065646F6320786548
Time: 19114560 ns  Iteration: 1  Process: /rsa_accelerator_tb/msgin_bfm  File: C:/Users/asgei/Desktop/manuals/RSA/intergration_kit_RSA/RSA_accelerator/testbench/rsa_accelerator_tb.vhd
Note: DRIVE NEW MSGIN_DATA[0005] RTL: 0A23202020202020202020202020202020202020202020202020202020202020
Time: 25486020 ns  Iteration: 1  Process: /rsa_accelerator_tb/msgin_bfm  File: C:/Users/asgei/Desktop/manuals/RSA/intergration_kit_RSA/RSA_accelerator/testbench/rsa_accelerator_tb.vhd
Note: DRIVE NEW MSGIN_DATA[0006] RTL: 0A232020202020202020202020205F5F5F5F5F5F5F5F5F202020202020202020
Time: 31857528 ns  Iteration: 1  Process: /rsa_accelerator_tb/msgin_bfm  File: C:/Users/asgei/Desktop/manuals/RSA/intergration_kit_RSA/RSA_accelerator/testbench/rsa_accelerator_tb.vhd
Note: COMPARE MSGOUT_DATA[0003] RTL: 1C6A9B8EC4485BD5A460E171A1F6723680599CFB58315B9C8CE213B0A81EF034   EXPECTED: 805974EFD1C6E0D32AD06D3F86168D991B6DE12371BE881E903C562C2EBEDE8E
Time: 38228952 ns  Iteration: 1  Process: /rsa_accelerator_tb/msgout_bfm  File: C:/Users/asgei/Desktop/manuals/RSA/intergration_kit_RSA/RSA_accelerator/testbench/rsa_accelerator_tb.vhd
Failure: Output message differs from the expected result
Time: 38228952 ns  Iteration: 1  Process: /rsa_accelerator_tb/msgout_bfm  File: C:/Users/asgei/Desktop/manuals/RSA/intergration_kit_RSA/RSA_accelerator/testbench/rsa_accelerator_tb.vhd
$finish called at time : 38228952 ns : File "C:/Users/asgei/Desktop/manuals/RSA/intergration_kit_RSA/RSA_accelerator/testbench/rsa_accelerator_tb.vhd" Line 568
