Vivado Simulator 2019.1
Copyright 1986-1999, 2001-2019 Xilinx, Inc. All Rights Reserved.
Running: C:/Xilinx/Vivado/2019.1/bin/unwrapped/win64.o/xelab.exe -wto b21dbe30756047ff945bb1036337d7a8 --incr --debug typical --relax --mt 2 -L xil_defaultlib -L secureip --snapshot Core_tb_behav xil_defaultlib.Core_tb -log elaborate.log 
Using 2 slave threads.
Starting static elaboration
Completed static elaboration
Starting simulation data flow analysis
Completed simulation data flow analysis
Time Resolution for simulation is 1ps
Compiling package std.standard
Compiling package std.textio
Compiling package ieee.std_logic_1164
Compiling package ieee.numeric_std
Compiling package ieee.std_logic_arith
Compiling package ieee.std_logic_unsigned
Compiling architecture behavioral of entity xil_defaultlib.ALU [alu_default]
Compiling architecture behavioral of entity xil_defaultlib.Control [control_default]
Compiling architecture behavoir of entity xil_defaultlib.Core [core_default]
Compiling architecture bench of entity xil_defaultlib.core_tb
Built simulation snapshot Core_tb_behav
