Vivado Simulator 2019.1
Copyright 1986-1999, 2001-2019 Xilinx, Inc. All Rights Reserved.
Running: C:/Xilinx/Vivado/2019.1/bin/unwrapped/win64.o/xelab.exe -wto 6f4be0f2e704474a995cb9cb454a9875 --incr --debug typical --relax --mt 2 -L xil_defaultlib -L secureip --snapshot RSA_accelerator_tb_behav xil_defaultlib.RSA_accelerator_tb -log elaborate.log 
Using 2 slave threads.
Starting static elaboration
Completed static elaboration
Starting simulation data flow analysis
Completed simulation data flow analysis
Time Resolution for simulation is 1ps
Compiling package std.standard
Compiling package std.textio
Compiling package ieee.std_logic_1164
Compiling package ieee.math_real
Compiling package ieee.numeric_std
Compiling package ieee.std_logic_arith
Compiling package ieee.std_logic_unsigned
Compiling architecture behavioral of entity xil_defaultlib.ALU [alu_default]
Compiling architecture behavioral of entity xil_defaultlib.Control [control_default]
Compiling architecture behavior of entity xil_defaultlib.exponentiation [exponentiation_default]
Compiling architecture rtl of entity xil_defaultlib.rsa_core [rsa_core_default]
Compiling architecture struct of entity xil_defaultlib.rsa_accelerator_tb
Built simulation snapshot RSA_accelerator_tb_behav
